This file contains any messages produced by compilers while
running configure, to aid debugging if configure makes a mistake.

It was created by alsa-utils configure 1.1.1, which was
generated by GNU Autoconf 2.63.  Invocation command line was

  $ ./configure --prefix=/home/caitiem/ec535/project/ec535-mp3player/alsa_utils_install --host=arm-linux --with-alsa-inc-prefix=/home/caitiem/ec535/project/ec535-mp3player/alsa_utils_install/include --with-alsa-prefix=/home/caitiem/ec535/project/ec535-mp3player/alsa_utils_install/lib --disable-alsamixer --disable-xmlto --disable-nls

## --------- ##
## Platform. ##
## --------- ##

hostname = vlsi12
uname -m = x86_64
uname -r = 2.6.32-573.22.1.el6.x86_64
uname -s = Linux
uname -v = #1 SMP Wed Mar 23 03:35:39 UTC 2016

/usr/bin/uname -p = unknown
/bin/uname -X     = unknown

/bin/arch              = x86_64
/usr/bin/arch -k       = unknown
/usr/convex/getsysinfo = unknown
/usr/bin/hostinfo      = unknown
/bin/machine           = unknown
/usr/bin/oslevel       = unknown
/bin/universe          = unknown

PATH: /mnt/nokrb/gridengine/bin/linux-x64
PATH: /usr/lib64/qt-3.3/bin
PATH: /mnt/nokrb/gridengine/bin/linux-x64
PATH: /usr/lib64/openmpi/bin
PATH: /mnt/nokrb/gridengine/bin/linux-x64
PATH: /usr/local/bin
PATH: /bin
PATH: /usr/bin
PATH: /usr/local/sbin
PATH: /usr/sbin
PATH: /sbin
PATH: /ad/eng/bin/64
PATH: /ad/eng/bin/32
PATH: /ad/eng/bin


## ----------- ##
## Core tests. ##
## ----------- ##

configure:2057: checking for a BSD-compatible install
configure:2125: result: /usr/bin/install -c
configure:2136: checking whether build environment is sane
configure:2201: result: yes
configure:2260: checking for arm-linux-strip
configure:2290: result: no
configure:2300: checking for strip
configure:2316: found /usr/bin/strip
configure:2327: result: strip
configure:2352: checking for a thread-safe mkdir -p
configure:2391: result: /bin/mkdir -p
configure:2398: checking for gawk
configure:2414: found /bin/gawk
configure:2425: result: gawk
configure:2436: checking whether make sets $(MAKE)
configure:2458: result: yes
configure:2548: checking whether to enable maintainer-specific portions of Makefiles
configure:2557: result: yes
configure:2579: checking whether NLS is requested
configure:2588: result: no
configure:2629: checking for msgfmt
configure: trying /usr/bin/msgfmt...
0 translated messages.
configure:2661: result: /usr/bin/msgfmt
configure:2670: checking for gmsgfmt
configure:2701: result: /usr/bin/msgfmt
configure:2752: checking for xgettext
configure: trying /usr/bin/xgettext...
/usr/bin/xgettext: warning: file `/dev/null' extension `' is unknown; will try C
configure:2784: result: /usr/bin/xgettext
configure:2830: checking for msgmerge
configure: trying /usr/bin/msgmerge...
configure:2861: result: /usr/bin/msgmerge
configure:2906: checking for style of include used by make
configure:2934: result: GNU
configure:2965: checking for arm-linux-gcc
configure:2992: result: /ad/eng/courses/ec/ec535/gumstix/oe/cross/bin/arm-linux-gcc
configure:3264: checking for C compiler version
configure:3272: /ad/eng/courses/ec/ec535/gumstix/oe/cross/bin/arm-linux-gcc --version >&5
arm-linux-gcc (GCC) 4.1.2
Copyright (C) 2006 Free Software Foundation, Inc.
This is free software; see the source for copying conditions.  There is NO
warranty; not even for MERCHANTABILITY or FITNESS FOR A PARTICULAR PURPOSE.

configure:3276: $? = 0
configure:3283: /ad/eng/courses/ec/ec535/gumstix/oe/cross/bin/arm-linux-gcc -v >&5
Using built-in specs.
Target: arm-angstrom-linux-gnueabi
Configured with: /export/wqin/gumstix/gumstix-oe/tmp/work/armv5te-angstrom-linux-gnueabi/gcc-cross-4.1.2-r10/gcc-4.1.2/configure --build=i686-linux --host=i686-linux --target=arm-angstrom-linux-gnueabi --prefix=/export/wqin/gumstix/gumstix-oe/tmp/cross --exec_prefix=/export/wqin/gumstix/gumstix-oe/tmp/cross --bindir=/export/wqin/gumstix/gumstix-oe/tmp/cross/bin --sbindir=/export/wqin/gumstix/gumstix-oe/tmp/cross/bin --libexecdir=/export/wqin/gumstix/gumstix-oe/tmp/cross/libexec --datadir=/export/wqin/gumstix/gumstix-oe/tmp/cross/share --sysconfdir=/export/wqin/gumstix/gumstix-oe/tmp/cross/etc --sharedstatedir=/export/wqin/gumstix/gumstix-oe/tmp/cross/com --localstatedir=/export/wqin/gumstix/gumstix-oe/tmp/cross/var --libdir=/export/wqin/gumstix/gumstix-oe/tmp/cross/lib --includedir=/export/wqin/gumstix/gumstix-oe/tmp/cross/include --oldincludedir=/export/wqin/gumstix/gumstix-oe/tmp/cross/include --infodir=/export/wqin/gumstix/gumstix-oe/tmp/cross/share/info --mandir=/export/wqin/gumstix/gumstix-oe/tmp/cross/share/man --with-gnu-ld --enable-shared --enable-target-optspace --enable-languages=c,c++ --enable-threads=posix --enable-multilib --enable-c99 --enable-long-long --enable-symvers=gnu --enable-libstdcxx-pch --program-prefix=arm-angstrom-linux-gnueabi- --with-local-prefix=/export/wqin/gumstix/gumstix-oe/tmp/staging/arm-angstrom-linux-gnueabi --with-gxx-include-dir=/export/wqin/gumstix/gumstix-oe/tmp/staging/arm-angstrom-linux-gnueabi/include/c++ --enable-__cxa_atexit --with-float=soft --disable-libssp --disable-libunwind-exceptions --with-mpfr=/export/wqin/gumstix/gumstix-oe/tmp/staging/i686-linux
Thread model: posix
gcc version 4.1.2
configure:3287: $? = 0
configure:3294: /ad/eng/courses/ec/ec535/gumstix/oe/cross/bin/arm-linux-gcc -V >&5
arm-linux-gcc: '-V' option must have argument
configure:3298: $? = 1
configure:3321: checking for C compiler default output file name
configure:3343: /ad/eng/courses/ec/ec535/gumstix/oe/cross/bin/arm-linux-gcc    conftest.c  >&5
configure:3347: $? = 0
configure:3385: result: a.out
configure:3404: checking whether the C compiler works
configure:3414: ./a.out
./configure: line 3416: ./a.out: cannot execute binary file
configure:3418: $? = 126
configure:3437: result: yes
configure:3444: checking whether we are cross compiling
configure:3446: result: yes
configure:3449: checking for suffix of executables
configure:3456: /ad/eng/courses/ec/ec535/gumstix/oe/cross/bin/arm-linux-gcc -o conftest    conftest.c  >&5
configure:3460: $? = 0
configure:3486: result: 
configure:3492: checking for suffix of object files
configure:3518: /ad/eng/courses/ec/ec535/gumstix/oe/cross/bin/arm-linux-gcc -c   conftest.c >&5
configure:3522: $? = 0
configure:3547: result: o
configure:3551: checking whether we are using the GNU C compiler
configure:3580: /ad/eng/courses/ec/ec535/gumstix/oe/cross/bin/arm-linux-gcc -c   conftest.c >&5
configure:3587: $? = 0
configure:3604: result: yes
configure:3613: checking whether /ad/eng/courses/ec/ec535/gumstix/oe/cross/bin/arm-linux-gcc accepts -g
configure:3643: /ad/eng/courses/ec/ec535/gumstix/oe/cross/bin/arm-linux-gcc -c -g  conftest.c >&5
configure:3650: $? = 0
configure:3751: result: yes
configure:3768: checking for /ad/eng/courses/ec/ec535/gumstix/oe/cross/bin/arm-linux-gcc option to accept ISO C89
configure:3842: /ad/eng/courses/ec/ec535/gumstix/oe/cross/bin/arm-linux-gcc  -c -g -O2  conftest.c >&5
configure:3849: $? = 0
configure:3872: result: none needed
configure:3892: checking dependency style of /ad/eng/courses/ec/ec535/gumstix/oe/cross/bin/arm-linux-gcc
configure:4003: result: gcc3
configure:4024: checking build system type
configure:4042: result: x86_64-unknown-linux-gnu
configure:4064: checking host system type
configure:4079: result: arm-unknown-linux-gnu
configure:4125: checking for ld used by GCC
configure:4189: result: /ad/eng/courses/ec/ec535/gumstix/oe/cross/arm-angstrom-linux-gnueabi/bin/ld
configure:4198: checking if the linker (/ad/eng/courses/ec/ec535/gumstix/oe/cross/arm-angstrom-linux-gnueabi/bin/ld) is GNU ld
configure:4211: result: yes
configure:4218: checking for shared library run path origin
configure:4231: result: done
configure:4256: checking how to run the C preprocessor
configure:4296: /ad/eng/courses/ec/ec535/gumstix/oe/cross/bin/arm-linux-gcc -E  conftest.c
configure:4303: $? = 0
configure:4334: /ad/eng/courses/ec/ec535/gumstix/oe/cross/bin/arm-linux-gcc -E  conftest.c
conftest.c:10:28: error: ac_nonexistent.h: No such file or directory
configure:4341: $? = 1
configure: failed program was:
| /* confdefs.h.  */
| #define PACKAGE_NAME "alsa-utils"
| #define PACKAGE_TARNAME "alsa-utils"
| #define PACKAGE_VERSION "1.1.1"
| #define PACKAGE_STRING "alsa-utils 1.1.1"
| #define PACKAGE_BUGREPORT ""
| #define PACKAGE "alsa-utils"
| #define VERSION "1.1.1"
| /* end confdefs.h.  */
| #include <ac_nonexistent.h>
configure:4374: result: /ad/eng/courses/ec/ec535/gumstix/oe/cross/bin/arm-linux-gcc -E
configure:4403: /ad/eng/courses/ec/ec535/gumstix/oe/cross/bin/arm-linux-gcc -E  conftest.c
configure:4410: $? = 0
configure:4441: /ad/eng/courses/ec/ec535/gumstix/oe/cross/bin/arm-linux-gcc -E  conftest.c
conftest.c:10:28: error: ac_nonexistent.h: No such file or directory
configure:4448: $? = 1
configure: failed program was:
| /* confdefs.h.  */
| #define PACKAGE_NAME "alsa-utils"
| #define PACKAGE_TARNAME "alsa-utils"
| #define PACKAGE_VERSION "1.1.1"
| #define PACKAGE_STRING "alsa-utils 1.1.1"
| #define PACKAGE_BUGREPORT ""
| #define PACKAGE "alsa-utils"
| #define VERSION "1.1.1"
| /* end confdefs.h.  */
| #include <ac_nonexistent.h>
configure:4488: checking for grep that handles long lines and -e
configure:4548: result: /bin/grep
configure:4553: checking for egrep
configure:4617: result: /bin/grep -E
configure:5179: checking for CFPreferencesCopyAppValue
configure:5207: /ad/eng/courses/ec/ec535/gumstix/oe/cross/bin/arm-linux-gcc -o conftest -g -O2   conftest.c  -Wl,-framework -Wl,CoreFoundation >&5
conftest.c:10:42: error: CoreFoundation/CFPreferences.h: No such file or directory
conftest.c: In function 'main':
conftest.c:14: error: 'NULL' undeclared (first use in this function)
conftest.c:14: error: (Each undeclared identifier is reported only once
conftest.c:14: error: for each function it appears in.)
configure:5214: $? = 1
configure: failed program was:
| /* confdefs.h.  */
| #define PACKAGE_NAME "alsa-utils"
| #define PACKAGE_TARNAME "alsa-utils"
| #define PACKAGE_VERSION "1.1.1"
| #define PACKAGE_STRING "alsa-utils 1.1.1"
| #define PACKAGE_BUGREPORT ""
| #define PACKAGE "alsa-utils"
| #define VERSION "1.1.1"
| /* end confdefs.h.  */
| #include <CoreFoundation/CFPreferences.h>
| int
| main ()
| {
| CFPreferencesCopyAppValue(NULL, NULL)
|   ;
|   return 0;
| }
configure:5235: result: no
configure:5244: checking for CFLocaleCopyCurrent
configure:5272: /ad/eng/courses/ec/ec535/gumstix/oe/cross/bin/arm-linux-gcc -o conftest -g -O2   conftest.c  -Wl,-framework -Wl,CoreFoundation >&5
conftest.c:10:37: error: CoreFoundation/CFLocale.h: No such file or directory
configure:5279: $? = 1
configure: failed program was:
| /* confdefs.h.  */
| #define PACKAGE_NAME "alsa-utils"
| #define PACKAGE_TARNAME "alsa-utils"
| #define PACKAGE_VERSION "1.1.1"
| #define PACKAGE_STRING "alsa-utils 1.1.1"
| #define PACKAGE_BUGREPORT ""
| #define PACKAGE "alsa-utils"
| #define VERSION "1.1.1"
| /* end confdefs.h.  */
| #include <CoreFoundation/CFLocale.h>
| int
| main ()
| {
| CFLocaleCopyCurrent();
|   ;
|   return 0;
| }
configure:5300: result: no
configure:6359: checking whether to use NLS
configure:6361: result: no
configure:6447: checking for arm-linux-gcc
configure:6474: result: /ad/eng/courses/ec/ec535/gumstix/oe/cross/bin/arm-linux-gcc
configure:6746: checking for C compiler version
configure:6754: /ad/eng/courses/ec/ec535/gumstix/oe/cross/bin/arm-linux-gcc --version >&5
arm-linux-gcc (GCC) 4.1.2
Copyright (C) 2006 Free Software Foundation, Inc.
This is free software; see the source for copying conditions.  There is NO
warranty; not even for MERCHANTABILITY or FITNESS FOR A PARTICULAR PURPOSE.

configure:6758: $? = 0
configure:6765: /ad/eng/courses/ec/ec535/gumstix/oe/cross/bin/arm-linux-gcc -v >&5
Using built-in specs.
Target: arm-angstrom-linux-gnueabi
Configured with: /export/wqin/gumstix/gumstix-oe/tmp/work/armv5te-angstrom-linux-gnueabi/gcc-cross-4.1.2-r10/gcc-4.1.2/configure --build=i686-linux --host=i686-linux --target=arm-angstrom-linux-gnueabi --prefix=/export/wqin/gumstix/gumstix-oe/tmp/cross --exec_prefix=/export/wqin/gumstix/gumstix-oe/tmp/cross --bindir=/export/wqin/gumstix/gumstix-oe/tmp/cross/bin --sbindir=/export/wqin/gumstix/gumstix-oe/tmp/cross/bin --libexecdir=/export/wqin/gumstix/gumstix-oe/tmp/cross/libexec --datadir=/export/wqin/gumstix/gumstix-oe/tmp/cross/share --sysconfdir=/export/wqin/gumstix/gumstix-oe/tmp/cross/etc --sharedstatedir=/export/wqin/gumstix/gumstix-oe/tmp/cross/com --localstatedir=/export/wqin/gumstix/gumstix-oe/tmp/cross/var --libdir=/export/wqin/gumstix/gumstix-oe/tmp/cross/lib --includedir=/export/wqin/gumstix/gumstix-oe/tmp/cross/include --oldincludedir=/export/wqin/gumstix/gumstix-oe/tmp/cross/include --infodir=/export/wqin/gumstix/gumstix-oe/tmp/cross/share/info --mandir=/export/wqin/gumstix/gumstix-oe/tmp/cross/share/man --with-gnu-ld --enable-shared --enable-target-optspace --enable-languages=c,c++ --enable-threads=posix --enable-multilib --enable-c99 --enable-long-long --enable-symvers=gnu --enable-libstdcxx-pch --program-prefix=arm-angstrom-linux-gnueabi- --with-local-prefix=/export/wqin/gumstix/gumstix-oe/tmp/staging/arm-angstrom-linux-gnueabi --with-gxx-include-dir=/export/wqin/gumstix/gumstix-oe/tmp/staging/arm-angstrom-linux-gnueabi/include/c++ --enable-__cxa_atexit --with-float=soft --disable-libssp --disable-libunwind-exceptions --with-mpfr=/export/wqin/gumstix/gumstix-oe/tmp/staging/i686-linux
Thread model: posix
gcc version 4.1.2
configure:6769: $? = 0
configure:6776: /ad/eng/courses/ec/ec535/gumstix/oe/cross/bin/arm-linux-gcc -V >&5
arm-linux-gcc: '-V' option must have argument
configure:6780: $? = 1
configure:6783: checking whether we are using the GNU C compiler
configure:6836: result: yes
configure:6845: checking whether /ad/eng/courses/ec/ec535/gumstix/oe/cross/bin/arm-linux-gcc accepts -g
configure:6983: result: yes
configure:7000: checking for /ad/eng/courses/ec/ec535/gumstix/oe/cross/bin/arm-linux-gcc option to accept ISO C89
configure:7104: result: none needed
configure:7124: checking dependency style of /ad/eng/courses/ec/ec535/gumstix/oe/cross/bin/arm-linux-gcc
configure:7235: result: gcc3
configure:7264: checking for a BSD-compatible install
configure:7332: result: /usr/bin/install -c
configure:7343: checking for a thread-safe mkdir -p
configure:7382: result: /bin/mkdir -p
configure:7385: checking whether ln -s works
configure:7389: result: yes
configure:7396: checking for a sed that does not truncate output
configure:7462: result: /bin/sed
configure:7477: checking for arm-linux-pkg-config
configure:7510: result: no
configure:7520: checking for pkg-config
configure:7538: found /usr/bin/pkg-config
configure:7550: result: /usr/bin/pkg-config
configure:7562: WARNING: using cross tools not prefixed with host triplet
configure:7575: checking pkg-config is at least version 0.9.0
configure:7578: result: yes
configure:7617: checking for ALSA CFLAGS
configure:7623: result:  -I/home/caitiem/ec535/project/ec535-mp3player/alsa_utils_install/include
configure:7626: checking for ALSA LDFLAGS
configure:7635: result:  -L/home/caitiem/ec535/project/ec535-mp3player/alsa_utils_install/lib -lasound -lm -ldl -lpthread
configure:7640: checking for libasound headers version >= 1.0.27
configure:7712: /ad/eng/courses/ec/ec535/gumstix/oe/cross/bin/arm-linux-gcc -c -g -O2 -I/home/caitiem/ec535/project/ec535-mp3player/alsa_utils_install/include  conftest.c >&5
configure:7719: $? = 0
configure:7724: result: found.
configure:7750: checking for snd_ctl_open in -lasound
configure:7785: /ad/eng/courses/ec/ec535/gumstix/oe/cross/bin/arm-linux-gcc -o conftest -g -O2 -I/home/caitiem/ec535/project/ec535-mp3player/alsa_utils_install/include    -L/home/caitiem/ec535/project/ec535-mp3player/alsa_utils_install/lib conftest.c -lasound   -L/home/caitiem/ec535/project/ec535-mp3player/alsa_utils_install/lib -lasound -lm -ldl -lpthread  >&5
configure:7792: $? = 0
configure:7813: result: yes
configure:7851: checking for snd_ctl_elem_add_enumerated
configure:7907: /ad/eng/courses/ec/ec535/gumstix/oe/cross/bin/arm-linux-gcc -o conftest -g -O2 -I/home/caitiem/ec535/project/ec535-mp3player/alsa_utils_install/include    -L/home/caitiem/ec535/project/ec535-mp3player/alsa_utils_install/lib conftest.c -lasound -L/home/caitiem/ec535/project/ec535-mp3player/alsa_utils_install/lib -lm -ldl -lpthread >&5
configure:7914: $? = 0
configure:7934: result: yes
configure:7950: checking for alsa/pcm.h
configure:7971: /ad/eng/courses/ec/ec535/gumstix/oe/cross/bin/arm-linux-gcc -c -g -O2 -I/home/caitiem/ec535/project/ec535-mp3player/alsa_utils_install/include  conftest.c >&5
configure:7978: $? = 0
configure:7995: result: yes
configure:8014: checking for alsa/mixer.h
configure:8035: /ad/eng/courses/ec/ec535/gumstix/oe/cross/bin/arm-linux-gcc -c -g -O2 -I/home/caitiem/ec535/project/ec535-mp3player/alsa_utils_install/include  conftest.c >&5
configure:8042: $? = 0
configure:8059: result: yes
configure:8078: checking for alsa/rawmidi.h
configure:8099: /ad/eng/courses/ec/ec535/gumstix/oe/cross/bin/arm-linux-gcc -c -g -O2 -I/home/caitiem/ec535/project/ec535-mp3player/alsa_utils_install/include  conftest.c >&5
configure:8106: $? = 0
configure:8123: result: yes
configure:8142: checking for alsa/seq.h
configure:8163: /ad/eng/courses/ec/ec535/gumstix/oe/cross/bin/arm-linux-gcc -c -g -O2 -I/home/caitiem/ec535/project/ec535-mp3player/alsa_utils_install/include  conftest.c >&5
configure:8170: $? = 0
configure:8187: result: yes
configure:8206: checking for alsa/use-case.h
configure:8227: /ad/eng/courses/ec/ec535/gumstix/oe/cross/bin/arm-linux-gcc -c -g -O2 -I/home/caitiem/ec535/project/ec535-mp3player/alsa_utils_install/include  conftest.c >&5
configure:8234: $? = 0
configure:8251: result: yes
configure:8270: checking for alsa/topology.h
configure:8291: /ad/eng/courses/ec/ec535/gumstix/oe/cross/bin/arm-linux-gcc -c -g -O2 -I/home/caitiem/ec535/project/ec535-mp3player/alsa_utils_install/include  conftest.c >&5
configure:8298: $? = 0
configure:8315: result: yes
configure:8334: checking for samplerate.h
configure:8355: /ad/eng/courses/ec/ec535/gumstix/oe/cross/bin/arm-linux-gcc -c -g -O2 -I/home/caitiem/ec535/project/ec535-mp3player/alsa_utils_install/include  conftest.c >&5
conftest.c:17:24: error: samplerate.h: No such file or directory
configure:8362: $? = 1
configure: failed program was:
| /* confdefs.h.  */
| #define PACKAGE_NAME "alsa-utils"
| #define PACKAGE_TARNAME "alsa-utils"
| #define PACKAGE_VERSION "1.1.1"
| #define PACKAGE_STRING "alsa-utils 1.1.1"
| #define PACKAGE_BUGREPORT ""
| #define PACKAGE "alsa-utils"
| #define VERSION "1.1.1"
| #define HAVE_LIBASOUND 1
| #define HAVE_ALSA_PCM_H 1
| #define HAVE_ALSA_MIXER_H 1
| #define HAVE_ALSA_RAWMIDI_H 1
| #define HAVE_ALSA_SEQ_H 1
| #define HAVE_ALSA_USE_CASE_H 1
| #define HAVE_ALSA_TOPOLOGY_H 1
| /* end confdefs.h.  */
| #include <samplerate.h>
| 
| #include <samplerate.h>
configure:8379: result: no
configure:8395: checking for snd_seq_client_info_get_card in -lasound
configure:8430: /ad/eng/courses/ec/ec535/gumstix/oe/cross/bin/arm-linux-gcc -o conftest -g -O2 -I/home/caitiem/ec535/project/ec535-mp3player/alsa_utils_install/include    -L/home/caitiem/ec535/project/ec535-mp3player/alsa_utils_install/lib conftest.c -lasound  -lasound -L/home/caitiem/ec535/project/ec535-mp3player/alsa_utils_install/lib -lm -ldl -lpthread >&5
configure:8437: $? = 0
configure:8458: result: yes
configure:8471: checking for snd_seq_client_info_get_pid in -lasound
configure:8506: /ad/eng/courses/ec/ec535/gumstix/oe/cross/bin/arm-linux-gcc -o conftest -g -O2 -I/home/caitiem/ec535/project/ec535-mp3player/alsa_utils_install/include    -L/home/caitiem/ec535/project/ec535-mp3player/alsa_utils_install/lib conftest.c -lasound  -lasound -L/home/caitiem/ec535/project/ec535-mp3player/alsa_utils_install/lib -lm -ldl -lpthread >&5
configure:8513: $? = 0
configure:8534: result: yes
configure:8655: checking for fftw_malloc in -lfftw3
configure:8690: /ad/eng/courses/ec/ec535/gumstix/oe/cross/bin/arm-linux-gcc -o conftest -g -O2 -I/home/caitiem/ec535/project/ec535-mp3player/alsa_utils_install/include    -L/home/caitiem/ec535/project/ec535-mp3player/alsa_utils_install/lib conftest.c -lfftw3  -lasound -L/home/caitiem/ec535/project/ec535-mp3player/alsa_utils_install/lib -lm -ldl -lpthread >&5
/ad/eng/courses/ec/ec535/gumstix/oe/cross/bin/../lib/gcc/arm-angstrom-linux-gnueabi/4.1.2/../../../../arm-angstrom-linux-gnueabi/bin/ld: cannot find -lfftw3
collect2: ld returned 1 exit status
configure:8697: $? = 1
configure: failed program was:
| /* confdefs.h.  */
| #define PACKAGE_NAME "alsa-utils"
| #define PACKAGE_TARNAME "alsa-utils"
| #define PACKAGE_VERSION "1.1.1"
| #define PACKAGE_STRING "alsa-utils 1.1.1"
| #define PACKAGE_BUGREPORT ""
| #define PACKAGE "alsa-utils"
| #define VERSION "1.1.1"
| #define HAVE_LIBASOUND 1
| #define HAVE_ALSA_PCM_H 1
| #define HAVE_ALSA_MIXER_H 1
| #define HAVE_ALSA_RAWMIDI_H 1
| #define HAVE_ALSA_SEQ_H 1
| #define HAVE_ALSA_USE_CASE_H 1
| #define HAVE_ALSA_TOPOLOGY_H 1
| #define HAVE_SEQ_CLIENT_INFO_GET_CARD 1
| #define HAVE_SEQ_CLIENT_INFO_GET_PID 1
| /* end confdefs.h.  */
| 
| /* Override any GCC internal prototype to avoid an error.
|    Use char because int might match the return type of a GCC
|    builtin and then its argument prototype would still apply.  */
| #ifdef __cplusplus
| extern "C"
| #endif
| char fftw_malloc ();
| int
| main ()
| {
| return fftw_malloc ();
|   ;
|   return 0;
| }
configure:8718: result: no
configure:8813: checking for sqrtf in -lm
configure:8848: /ad/eng/courses/ec/ec535/gumstix/oe/cross/bin/arm-linux-gcc -o conftest -g -O2 -I/home/caitiem/ec535/project/ec535-mp3player/alsa_utils_install/include    -L/home/caitiem/ec535/project/ec535-mp3player/alsa_utils_install/lib conftest.c -lm  -lasound -L/home/caitiem/ec535/project/ec535-mp3player/alsa_utils_install/lib -lm -ldl -lpthread >&5
conftest.c:26: warning: conflicting types for built-in function 'sqrtf'
configure:8855: $? = 0
configure:8876: result: yes
configure:8892: checking for pthread_create in -lpthread
configure:8927: /ad/eng/courses/ec/ec535/gumstix/oe/cross/bin/arm-linux-gcc -o conftest -g -O2 -I/home/caitiem/ec535/project/ec535-mp3player/alsa_utils_install/include    -L/home/caitiem/ec535/project/ec535-mp3player/alsa_utils_install/lib conftest.c -lpthread  -lm -lasound -L/home/caitiem/ec535/project/ec535-mp3player/alsa_utils_install/lib -lm -ldl -lpthread >&5
configure:8934: $? = 0
configure:8955: result: yes
configure:8998: checking for librt
configure:9009: checking for clock_gettime in -lrt
configure:9044: /ad/eng/courses/ec/ec535/gumstix/oe/cross/bin/arm-linux-gcc -o conftest -g -O2 -I/home/caitiem/ec535/project/ec535-mp3player/alsa_utils_install/include    -L/home/caitiem/ec535/project/ec535-mp3player/alsa_utils_install/lib conftest.c -lrt  -lasound -L/home/caitiem/ec535/project/ec535-mp3player/alsa_utils_install/lib -lm -ldl -lpthread >&5
configure:9051: $? = 0
configure:9072: result: yes
configure:9239: checking for ANSI C header files
configure:9269: /ad/eng/courses/ec/ec535/gumstix/oe/cross/bin/arm-linux-gcc -c -g -O2 -I/home/caitiem/ec535/project/ec535-mp3player/alsa_utils_install/include  conftest.c >&5
configure:9276: $? = 0
configure:9407: result: yes
configure:10791: checking for an ANSI C-conforming const
configure:10866: /ad/eng/courses/ec/ec535/gumstix/oe/cross/bin/arm-linux-gcc -c -g -O2 -I/home/caitiem/ec535/project/ec535-mp3player/alsa_utils_install/include  conftest.c >&5
configure:10873: $? = 0
configure:10888: result: yes
configure:10898: checking for inline
configure:10924: /ad/eng/courses/ec/ec535/gumstix/oe/cross/bin/arm-linux-gcc -c -g -O2 -I/home/caitiem/ec535/project/ec535-mp3player/alsa_utils_install/include  conftest.c >&5
configure:10931: $? = 0
configure:10949: result: inline
configure:10968: checking whether time.h and sys/time.h may both be included
configure:10998: /ad/eng/courses/ec/ec535/gumstix/oe/cross/bin/arm-linux-gcc -c -g -O2 -I/home/caitiem/ec535/project/ec535-mp3player/alsa_utils_install/include  conftest.c >&5
configure:11005: $? = 0
configure:11020: result: yes
configure:11032: checking whether /ad/eng/courses/ec/ec535/gumstix/oe/cross/bin/arm-linux-gcc needs -traditional
configure:11074: result: no
configure:11089: checking for special C compiler options needed for large files
configure:11184: result: no
configure:11190: checking for _FILE_OFFSET_BITS value needed for large files
configure:11225: /ad/eng/courses/ec/ec535/gumstix/oe/cross/bin/arm-linux-gcc -c -g -O2 -I/home/caitiem/ec535/project/ec535-mp3player/alsa_utils_install/include  conftest.c >&5
conftest.c:33: warning: left shift count >= width of type
conftest.c:33: warning: left shift count >= width of type
conftest.c:35: error: size of array 'off_t_is_large' is negative
configure:11232: $? = 1
configure: failed program was:
| /* confdefs.h.  */
| #define PACKAGE_NAME "alsa-utils"
| #define PACKAGE_TARNAME "alsa-utils"
| #define PACKAGE_VERSION "1.1.1"
| #define PACKAGE_STRING "alsa-utils 1.1.1"
| #define PACKAGE_BUGREPORT ""
| #define PACKAGE "alsa-utils"
| #define VERSION "1.1.1"
| #define HAVE_LIBASOUND 1
| #define HAVE_ALSA_PCM_H 1
| #define HAVE_ALSA_MIXER_H 1
| #define HAVE_ALSA_RAWMIDI_H 1
| #define HAVE_ALSA_SEQ_H 1
| #define HAVE_ALSA_USE_CASE_H 1
| #define HAVE_ALSA_TOPOLOGY_H 1
| #define HAVE_SEQ_CLIENT_INFO_GET_CARD 1
| #define HAVE_SEQ_CLIENT_INFO_GET_PID 1
| #define HAVE_LIBM 1
| #define HAVE_LIBPTHREAD 1
| #define HAVE_LIBRT 1
| #define HAVE_CLOCK_GETTIME 1
| #define STDC_HEADERS 1
| #define SOUNDSDIR "/home/caitiem/ec535/project/ec535-mp3player/alsa_utils_install/share/sounds/alsa"
| #define DATADIR "/home/caitiem/ec535/project/ec535-mp3player/alsa_utils_install/share/alsa"
| #define TIME_WITH_SYS_TIME 1
| /* end confdefs.h.  */
| #include <sys/types.h>
|  /* Check that off_t can represent 2**63 - 1 correctly.
|     We can't simply define LARGE_OFF_T to be 9223372036854775807,
|     since some C++ compilers masquerading as C compilers
|     incorrectly reject 9223372036854775807.  */
| #define LARGE_OFF_T (((off_t) 1 << 62) - 1 + ((off_t) 1 << 62))
|   int off_t_is_large[(LARGE_OFF_T % 2147483629 == 721
| 		       && LARGE_OFF_T % 2147483647 == 1)
| 		      ? 1 : -1];
| int
| main ()
| {
| 
|   ;
|   return 0;
| }
configure:11276: /ad/eng/courses/ec/ec535/gumstix/oe/cross/bin/arm-linux-gcc -c -g -O2 -I/home/caitiem/ec535/project/ec535-mp3player/alsa_utils_install/include  conftest.c >&5
configure:11283: $? = 0
configure:11301: result: 64
configure:11618: checking that generated files are newer than configure
configure:11624: result: done
configure:11772: creating ./config.status

## ---------------------- ##
## Running config.status. ##
## ---------------------- ##

This file was extended by alsa-utils config.status 1.1.1, which was
generated by GNU Autoconf 2.63.  Invocation command line was

  CONFIG_FILES    = 
  CONFIG_HEADERS  = 
  CONFIG_LINKS    = 
  CONFIG_COMMANDS = 
  $ ./config.status 

on vlsi12

config.status:907: creating Makefile
config.status:907: creating alsactl/Makefile
config.status:907: creating alsactl/init/Makefile
config.status:907: creating alsamixer/Makefile
config.status:907: creating amidi/Makefile
config.status:907: creating amixer/Makefile
config.status:907: creating m4/Makefile
config.status:907: creating po/Makefile.in
config.status:907: creating alsaconf/alsaconf
config.status:907: creating alsaconf/Makefile
config.status:907: creating alsaconf/po/Makefile
config.status:1059: WARNING:  'alsaconf/po/Makefile.in' seems to ignore the --datarootdir setting
config.status:907: creating alsaucm/Makefile
config.status:907: creating topology/Makefile
config.status:907: creating bat/Makefile
config.status:907: creating aplay/Makefile
config.status:907: creating include/Makefile
config.status:907: creating iecset/Makefile
config.status:907: creating utils/Makefile
config.status:907: creating utils/alsa-utils.spec
config.status:907: creating seq/Makefile
config.status:907: creating seq/aconnect/Makefile
config.status:907: creating seq/aplaymidi/Makefile
config.status:907: creating seq/aseqdump/Makefile
config.status:907: creating seq/aseqnet/Makefile
config.status:907: creating speaker-test/Makefile
config.status:907: creating speaker-test/samples/Makefile
config.status:907: creating alsaloop/Makefile
config.status:907: creating alsa-info/Makefile
config.status:907: creating include/aconfig.h
config.status:1129: include/aconfig.h is unchanged
config.status:1181: executing po-directories commands
config.status:1181: executing depfiles commands

## ---------------- ##
## Cache variables. ##
## ---------------- ##

ac_cv_build=x86_64-unknown-linux-gnu
ac_cv_c_compiler_gnu=yes
ac_cv_c_const=yes
ac_cv_c_inline=inline
ac_cv_env_CC_set=set
ac_cv_env_CC_value=/ad/eng/courses/ec/ec535/gumstix/oe/cross/bin/arm-linux-gcc
ac_cv_env_CFLAGS_set=
ac_cv_env_CFLAGS_value=
ac_cv_env_CPPFLAGS_set=
ac_cv_env_CPPFLAGS_value=
ac_cv_env_CPP_set=
ac_cv_env_CPP_value=
ac_cv_env_LDFLAGS_set=
ac_cv_env_LDFLAGS_value=
ac_cv_env_LIBS_set=
ac_cv_env_LIBS_value=
ac_cv_env_NCURSESW_CFLAGS_set=
ac_cv_env_NCURSESW_CFLAGS_value=
ac_cv_env_NCURSESW_LIBS_set=
ac_cv_env_NCURSESW_LIBS_value=
ac_cv_env_NCURSES_CFLAGS_set=
ac_cv_env_NCURSES_CFLAGS_value=
ac_cv_env_NCURSES_LIBS_set=
ac_cv_env_NCURSES_LIBS_value=
ac_cv_env_PKG_CONFIG_LIBDIR_set=
ac_cv_env_PKG_CONFIG_LIBDIR_value=
ac_cv_env_PKG_CONFIG_PATH_set=
ac_cv_env_PKG_CONFIG_PATH_value=
ac_cv_env_PKG_CONFIG_set=
ac_cv_env_PKG_CONFIG_value=
ac_cv_env_build_alias_set=
ac_cv_env_build_alias_value=
ac_cv_env_host_alias_set=set
ac_cv_env_host_alias_value=arm-linux
ac_cv_env_target_alias_set=
ac_cv_env_target_alias_value=
ac_cv_func_snd_ctl_elem_add_enumerated=yes
ac_cv_header_alsa_mixer_h=yes
ac_cv_header_alsa_pcm_h=yes
ac_cv_header_alsa_rawmidi_h=yes
ac_cv_header_alsa_seq_h=yes
ac_cv_header_alsa_topology_h=yes
ac_cv_header_alsa_use_case_h=yes
ac_cv_header_samplerate_h=no
ac_cv_header_stdc=yes
ac_cv_header_time=yes
ac_cv_host=arm-unknown-linux-gnu
ac_cv_lib_asound_snd_ctl_open=yes
ac_cv_lib_asound_snd_seq_client_info_get_card=yes
ac_cv_lib_asound_snd_seq_client_info_get_pid=yes
ac_cv_lib_fftw3_fftw_malloc=no
ac_cv_lib_m_sqrtf=yes
ac_cv_lib_pthread_pthread_create=yes
ac_cv_lib_rt_clock_gettime=yes
ac_cv_objext=o
ac_cv_path_EGREP='/bin/grep -E'
ac_cv_path_GMSGFMT=/usr/bin/msgfmt
ac_cv_path_GREP=/bin/grep
ac_cv_path_MSGFMT=/usr/bin/msgfmt
ac_cv_path_MSGMERGE=/usr/bin/msgmerge
ac_cv_path_SED=/bin/sed
ac_cv_path_XGETTEXT=/usr/bin/xgettext
ac_cv_path_ac_pt_PKG_CONFIG=/usr/bin/pkg-config
ac_cv_path_install='/usr/bin/install -c'
ac_cv_path_mkdir=/bin/mkdir
ac_cv_prog_AWK=gawk
ac_cv_prog_CC=/ad/eng/courses/ec/ec535/gumstix/oe/cross/bin/arm-linux-gcc
ac_cv_prog_CPP='/ad/eng/courses/ec/ec535/gumstix/oe/cross/bin/arm-linux-gcc -E'
ac_cv_prog_ac_ct_STRIP=strip
ac_cv_prog_cc_c89=
ac_cv_prog_cc_g=yes
ac_cv_prog_gcc_traditional=no
ac_cv_prog_make_make_set=yes
ac_cv_sys_file_offset_bits=64
ac_cv_sys_largefile_CC=no
acl_cv_hardcode_direct=no
acl_cv_hardcode_libdir_flag_spec='${wl}-rpath ${wl}$libdir'
acl_cv_hardcode_libdir_separator=
acl_cv_hardcode_minus_L=no
acl_cv_libext=a
acl_cv_libname_spec='lib$name'
acl_cv_library_names_spec='$libname$shrext'
acl_cv_path_LD=/ad/eng/courses/ec/ec535/gumstix/oe/cross/arm-angstrom-linux-gnueabi/bin/ld
acl_cv_prog_gnu_ld=yes
acl_cv_rpath=done
acl_cv_shlibext=so
acl_cv_wl=-Wl,
am_cv_CC_dependencies_compiler_type=gcc3
gt_cv_func_CFLocaleCopyCurrent=no
gt_cv_func_CFPreferencesCopyAppValue=no

## ----------------- ##
## Output variables. ##
## ----------------- ##

ACLOCAL='${SHELL} /home/caitiem/ec535/project/ec535-mp3player/alsa_utils_install/alsa-utils-1.1.1/missing --run aclocal-1.12'
ALSACONF_FALSE='#'
ALSACONF_TRUE=''
ALSACTL_DAEMONSWITCH='/etc/alsa/state-daemon.conf'
ALSACTL_PIDFILE_DIR='/var/run'
ALSALOOP_FALSE='#'
ALSALOOP_TRUE=''
ALSAMIXER_FALSE=''
ALSAMIXER_TRUE='#'
ALSA_CFLAGS=' -I/home/caitiem/ec535/project/ec535-mp3player/alsa_utils_install/include'
ALSA_LIBS=' -L/home/caitiem/ec535/project/ec535-mp3player/alsa_utils_install/lib -lasound -lm -ldl -lpthread'
AMDEPBACKSLASH='\'
AMDEP_FALSE='#'
AMDEP_TRUE=''
AMTAR='$${TAR-tar}'
ASOUND_LOCK_DIR='/var/lock'
ASOUND_STATE_DIR='/var/lib/alsa'
AUTOCONF='${SHELL} /home/caitiem/ec535/project/ec535-mp3player/alsa_utils_install/alsa-utils-1.1.1/missing --run autoconf'
AUTOHEADER='${SHELL} /home/caitiem/ec535/project/ec535-mp3player/alsa_utils_install/alsa-utils-1.1.1/missing --run autoheader'
AUTOMAKE='${SHELL} /home/caitiem/ec535/project/ec535-mp3player/alsa_utils_install/alsa-utils-1.1.1/missing --run automake-1.12'
AWK='gawk'
BAT_FALSE='#'
BAT_TRUE=''
CC='/ad/eng/courses/ec/ec535/gumstix/oe/cross/bin/arm-linux-gcc'
CCDEPMODE='depmode=gcc3'
CFLAGS='-g -O2 -I/home/caitiem/ec535/project/ec535-mp3player/alsa_utils_install/include'
CPP='/ad/eng/courses/ec/ec535/gumstix/oe/cross/bin/arm-linux-gcc -E'
CPPFLAGS=''
CURSESINC=''
CURSESLIB=''
CURSES_CFLAGS=''
CYGPATH_W='echo'
DEFS='-DHAVE_CONFIG_H'
DEPDIR='.deps'
ECHO_C=''
ECHO_N='-n'
ECHO_T=''
EGREP='/bin/grep -E'
EXEEXT=''
FFTW_CFLAGS='-g -O2 -I/home/caitiem/ec535/project/ec535-mp3player/alsa_utils_install/include'
FFTW_INC=''
FFTW_LIB='-lpthread -lm -lasound -L/home/caitiem/ec535/project/ec535-mp3player/alsa_utils_install/lib -lm -ldl -lpthread'
GETTEXT_MACRO_VERSION='0.18'
GMSGFMT='/usr/bin/msgfmt'
GMSGFMT_015='/usr/bin/msgfmt'
GREP='/bin/grep'
HAVE_LIBFFTW3_FALSE=''
HAVE_LIBFFTW3_TRUE='#'
HAVE_LIBTINYALSA_FALSE=''
HAVE_LIBTINYALSA_TRUE='#'
HAVE_MIXER_FALSE='#'
HAVE_MIXER_TRUE=''
HAVE_PCM_FALSE='#'
HAVE_PCM_TRUE=''
HAVE_RAWMIDI_FALSE='#'
HAVE_RAWMIDI_TRUE=''
HAVE_SAMPLERATE_FALSE=''
HAVE_SAMPLERATE_TRUE='#'
HAVE_SEQ_FALSE='#'
HAVE_SEQ_TRUE=''
HAVE_SYSTEMD_FALSE=''
HAVE_SYSTEMD_TRUE='#'
HAVE_TOPOLOGY_FALSE='#'
HAVE_TOPOLOGY_TRUE=''
HAVE_UCM_FALSE='#'
HAVE_UCM_TRUE=''
INSTALL_DATA='${INSTALL} -m 644'
INSTALL_PROGRAM='${INSTALL}'
INSTALL_SCRIPT='${INSTALL}'
INSTALL_STRIP_PROGRAM='$(install_sh) -c -s'
INTLLIBS=''
INTL_MACOSX_LIBS=''
LDFLAGS='  -L/home/caitiem/ec535/project/ec535-mp3player/alsa_utils_install/lib'
LIBICONV='-liconv'
LIBINTL=''
LIBOBJS=''
LIBRT='-lrt'
LIBS='-lasound -L/home/caitiem/ec535/project/ec535-mp3player/alsa_utils_install/lib -lm -ldl -lpthread'
LN_S='ln -s'
LTLIBICONV='-liconv'
LTLIBINTL=''
LTLIBOBJS=''
MAINT=''
MAINTAINER_MODE_FALSE='#'
MAINTAINER_MODE_TRUE=''
MAKEINFO='${SHELL} /home/caitiem/ec535/project/ec535-mp3player/alsa_utils_install/alsa-utils-1.1.1/missing --run makeinfo'
MKDIR_P='/bin/mkdir -p'
MSGFMT='/usr/bin/msgfmt'
MSGFMT_015='/usr/bin/msgfmt'
MSGMERGE='/usr/bin/msgmerge'
NCURSESW_CFLAGS=''
NCURSESW_LIBS=''
NCURSES_CFLAGS=''
NCURSES_LIBS=''
OBJEXT='o'
PACKAGE='alsa-utils'
PACKAGE_BUGREPORT=''
PACKAGE_NAME='alsa-utils'
PACKAGE_STRING='alsa-utils 1.1.1'
PACKAGE_TARNAME='alsa-utils'
PACKAGE_VERSION='1.1.1'
PATH_SEPARATOR=':'
PKG_CONFIG='/usr/bin/pkg-config'
PKG_CONFIG_LIBDIR=''
PKG_CONFIG_PATH=''
POSUB=''
SED='/bin/sed'
SET_MAKE=''
SHELL='/bin/sh'
SND_UTIL_MAJOR='1'
SND_UTIL_MINOR='1'
SND_UTIL_SUBMINOR='1'
SND_UTIL_VERSION='1.1.1'
STRIP='strip'
TESTSOUND='/home/caitiem/ec535/project/ec535-mp3player/alsa_utils_install/share/test.wav'
USE_NLS='no'
USE_XMLTO_FALSE=''
USE_XMLTO_TRUE='#'
VERSION='1.1.1'
XGETTEXT='/usr/bin/xgettext'
XGETTEXT_015='/usr/bin/xgettext'
XGETTEXT_EXTRA_OPTIONS=''
ac_ct_CC=''
am__EXEEXT_FALSE=''
am__EXEEXT_TRUE='#'
am__fastdepCC_FALSE='#'
am__fastdepCC_TRUE=''
am__include='include'
am__isrc=''
am__leading_dot='.'
am__nodep='_no'
am__quote=''
am__tar='$${TAR-tar} chof - "$$tardir"'
am__untar='$${TAR-tar} xf -'
bindir='${exec_prefix}/bin'
build='x86_64-unknown-linux-gnu'
build_alias=''
build_cpu='x86_64'
build_os='linux-gnu'
build_vendor='unknown'
datadir='${datarootdir}'
datarootdir='${prefix}/share'
docdir='${datarootdir}/doc/${PACKAGE_TARNAME}'
dvidir='${docdir}'
exec_prefix='${prefix}'
host='arm-unknown-linux-gnu'
host_alias='arm-linux'
host_cpu='arm'
host_os='linux-gnu'
host_vendor='unknown'
htmldir='${docdir}'
includedir='${prefix}/include'
infodir='${datarootdir}/info'
install_sh='${SHELL} /home/caitiem/ec535/project/ec535-mp3player/alsa_utils_install/alsa-utils-1.1.1/install-sh'
libdir='${exec_prefix}/lib'
libexecdir='${exec_prefix}/libexec'
localedir='${datarootdir}/locale'
localstatedir='${prefix}/var'
mandir='${datarootdir}/man'
mkdir_p='/bin/mkdir -p'
mydatadir='/home/caitiem/ec535/project/ec535-mp3player/alsa_utils_install/share/alsa'
ncurses5_config=''
ncursesw5_config=''
oldincludedir='/usr/include'
pdfdir='${docdir}'
prefix='/home/caitiem/ec535/project/ec535-mp3player/alsa_utils_install'
program_transform_name='s,x,x,'
psdir='${docdir}'
sbindir='${exec_prefix}/sbin'
sharedstatedir='${prefix}/com'
sysconfdir='${prefix}/etc'
systemdsystemunitdir=''
target_alias=''
udevrulesdir='/lib/udev/rules.d'
xmlto='no'

## ----------- ##
## confdefs.h. ##
## ----------- ##

#define PACKAGE_NAME "alsa-utils"
#define PACKAGE_TARNAME "alsa-utils"
#define PACKAGE_VERSION "1.1.1"
#define PACKAGE_STRING "alsa-utils 1.1.1"
#define PACKAGE_BUGREPORT ""
#define PACKAGE "alsa-utils"
#define VERSION "1.1.1"
#define HAVE_LIBASOUND 1
#define HAVE_ALSA_PCM_H 1
#define HAVE_ALSA_MIXER_H 1
#define HAVE_ALSA_RAWMIDI_H 1
#define HAVE_ALSA_SEQ_H 1
#define HAVE_ALSA_USE_CASE_H 1
#define HAVE_ALSA_TOPOLOGY_H 1
#define HAVE_SEQ_CLIENT_INFO_GET_CARD 1
#define HAVE_SEQ_CLIENT_INFO_GET_PID 1
#define HAVE_LIBM 1
#define HAVE_LIBPTHREAD 1
#define HAVE_LIBRT 1
#define HAVE_CLOCK_GETTIME 1
#define STDC_HEADERS 1
#define SOUNDSDIR "/home/caitiem/ec535/project/ec535-mp3player/alsa_utils_install/share/sounds/alsa"
#define DATADIR "/home/caitiem/ec535/project/ec535-mp3player/alsa_utils_install/share/alsa"
#define TIME_WITH_SYS_TIME 1
#define _FILE_OFFSET_BITS 64
#define VERSION "1.1.1"

configure: exit 0
