This file contains any messages produced by compilers while
running configure, to aid debugging if configure makes a mistake.

It was created by alsa-utils configure 1.1.1, which was
generated by GNU Autoconf 2.69.  Invocation command line was

  $ ./configure --prefix=/home/nmemme/EC535/Project/install/ --host=arm-linux --with-alsa-inc-prefix=/home/nmemme/EC535/Project/install/include/ --with-alsa-prefix=/home/nmemme/EC535/Project/install/lib --disable-alsamixer --disable-xmlto --disable-nls

## --------- ##
## Platform. ##
## --------- ##

hostname = me-compsim-01
uname -m = x86_64
uname -r = 2.6.32-358.14.1.el6.x86_64
uname -s = Linux
uname -v = #1 SMP Tue Jul 16 23:51:20 UTC 2013

/usr/bin/uname -p = unknown
/bin/uname -X     = unknown

/bin/arch              = x86_64
/usr/bin/arch -k       = unknown
/usr/convex/getsysinfo = unknown
/usr/bin/hostinfo      = unknown
/bin/machine           = unknown
/usr/bin/oslevel       = unknown
/bin/universe          = unknown

PATH: /ad/eng/courses/ec/ec535/gtkwave/bin
PATH: /ad/eng/courses/ec/ec535/gumstix/oe/cross/bin
PATH: /ad/eng/courses/ec/ec535/bin
PATH: /ad/eng/courses/ec/ec535/usr/bin
PATH: /mnt/nokrb/gridengine/bin/linux-x64
PATH: /mnt/nokrb/gridengine/bin/linux-x64
PATH: /usr/lib64/qt-3.3/bin
PATH: /usr/lib64/compat-openmpi/bin
PATH: /mnt/nokrb/gridengine/bin/linux-x64
PATH: /usr/lib64/openmpi/bin
PATH: /mnt/nokrb/gridengine/bin/linux-x64
PATH: /usr/local/bin
PATH: /bin
PATH: /usr/bin
PATH: /usr/local/sbin
PATH: /usr/sbin
PATH: /sbin
PATH: /ad/eng/bin/64
PATH: /ad/eng/bin/32
PATH: /ad/eng/bin
PATH: /usr/local/IT/bin
PATH: /ad/eng/opt/64/cuda/cuda/bin
PATH: /ad/eng/bin/64
PATH: /ad/eng/bin/32
PATH: /ad/eng/bin
PATH: /ad/eng/support/software/linux/all/x86_64/python32/bin


## ----------- ##
## Core tests. ##
## ----------- ##

configure:2360: checking for a BSD-compatible install
configure:2428: result: /usr/bin/install -c
configure:2439: checking whether build environment is sane
configure:2494: result: yes
configure:2553: checking for arm-linux-strip
configure:2569: found /ad/eng/courses/ec/ec535/gumstix/oe/cross/bin/arm-linux-strip
configure:2580: result: arm-linux-strip
configure:2645: checking for a thread-safe mkdir -p
configure:2684: result: /bin/mkdir -p
configure:2691: checking for gawk
configure:2707: found /bin/gawk
configure:2718: result: gawk
configure:2729: checking whether make sets $(MAKE)
configure:2751: result: yes
configure:2839: checking whether to enable maintainer-specific portions of Makefiles
configure:2848: result: yes
configure:2870: checking whether NLS is requested
configure:2879: result: no
configure:2920: checking for msgfmt
configure: trying /usr/bin/msgfmt...
0 translated messages.
configure:2952: result: /usr/bin/msgfmt
configure:2961: checking for gmsgfmt
configure:2992: result: /usr/bin/msgfmt
configure:3043: checking for xgettext
configure: trying /usr/bin/xgettext...
/usr/bin/xgettext: warning: file `/dev/null' extension `' is unknown; will try C
configure:3075: result: /usr/bin/xgettext
configure:3121: checking for msgmerge
configure: trying /usr/bin/msgmerge...
configure:3152: result: /usr/bin/msgmerge
configure:3197: checking for style of include used by make
configure:3225: result: GNU
configure:3256: checking for arm-linux-gcc
configure:3283: result: /ad/eng/courses/ec/ec535/gumstix/oe/cross/bin/arm-linux-gcc
configure:3552: checking for C compiler version
configure:3561: /ad/eng/courses/ec/ec535/gumstix/oe/cross/bin/arm-linux-gcc --version >&5
arm-linux-gcc (GCC) 4.1.2
Copyright (C) 2006 Free Software Foundation, Inc.
This is free software; see the source for copying conditions.  There is NO
warranty; not even for MERCHANTABILITY or FITNESS FOR A PARTICULAR PURPOSE.

configure:3572: $? = 0
configure:3561: /ad/eng/courses/ec/ec535/gumstix/oe/cross/bin/arm-linux-gcc -v >&5
Using built-in specs.
Target: arm-angstrom-linux-gnueabi
Configured with: /export/wqin/gumstix/gumstix-oe/tmp/work/armv5te-angstrom-linux-gnueabi/gcc-cross-4.1.2-r10/gcc-4.1.2/configure --build=i686-linux --host=i686-linux --target=arm-angstrom-linux-gnueabi --prefix=/export/wqin/gumstix/gumstix-oe/tmp/cross --exec_prefix=/export/wqin/gumstix/gumstix-oe/tmp/cross --bindir=/export/wqin/gumstix/gumstix-oe/tmp/cross/bin --sbindir=/export/wqin/gumstix/gumstix-oe/tmp/cross/bin --libexecdir=/export/wqin/gumstix/gumstix-oe/tmp/cross/libexec --datadir=/export/wqin/gumstix/gumstix-oe/tmp/cross/share --sysconfdir=/export/wqin/gumstix/gumstix-oe/tmp/cross/etc --sharedstatedir=/export/wqin/gumstix/gumstix-oe/tmp/cross/com --localstatedir=/export/wqin/gumstix/gumstix-oe/tmp/cross/var --libdir=/export/wqin/gumstix/gumstix-oe/tmp/cross/lib --includedir=/export/wqin/gumstix/gumstix-oe/tmp/cross/include --oldincludedir=/export/wqin/gumstix/gumstix-oe/tmp/cross/include --infodir=/export/wqin/gumstix/gumstix-oe/tmp/cross/share/info --mandir=/export/wqin/gumstix/gumstix-oe/tmp/cross/share/man --with-gnu-ld --enable-shared --enable-target-optspace --enable-languages=c,c++ --enable-threads=posix --enable-multilib --enable-c99 --enable-long-long --enable-symvers=gnu --enable-libstdcxx-pch --program-prefix=arm-angstrom-linux-gnueabi- --with-local-prefix=/export/wqin/gumstix/gumstix-oe/tmp/staging/arm-angstrom-linux-gnueabi --with-gxx-include-dir=/export/wqin/gumstix/gumstix-oe/tmp/staging/arm-angstrom-linux-gnueabi/include/c++ --enable-__cxa_atexit --with-float=soft --disable-libssp --disable-libunwind-exceptions --with-mpfr=/export/wqin/gumstix/gumstix-oe/tmp/staging/i686-linux
Thread model: posix
gcc version 4.1.2
configure:3572: $? = 0
configure:3561: /ad/eng/courses/ec/ec535/gumstix/oe/cross/bin/arm-linux-gcc -V >&5
arm-linux-gcc: '-V' option must have argument
configure:3572: $? = 1
configure:3561: /ad/eng/courses/ec/ec535/gumstix/oe/cross/bin/arm-linux-gcc -qversion >&5
arm-linux-gcc: unrecognized option '-qversion'
arm-linux-gcc: no input files
configure:3572: $? = 1
configure:3592: checking whether the C compiler works
configure:3614: /ad/eng/courses/ec/ec535/gumstix/oe/cross/bin/arm-linux-gcc    conftest.c  >&5
configure:3618: $? = 0
configure:3666: result: yes
configure:3669: checking for C compiler default output file name
configure:3671: result: a.out
configure:3677: checking for suffix of executables
configure:3684: /ad/eng/courses/ec/ec535/gumstix/oe/cross/bin/arm-linux-gcc -o conftest    conftest.c  >&5
configure:3688: $? = 0
configure:3710: result: 
configure:3732: checking whether we are cross compiling
configure:3740: /ad/eng/courses/ec/ec535/gumstix/oe/cross/bin/arm-linux-gcc -o conftest    conftest.c  >&5
configure:3744: $? = 0
configure:3751: ./conftest
./configure: line 3753: ./conftest: cannot execute binary file
configure:3755: $? = 126
configure:3770: result: yes
configure:3775: checking for suffix of object files
configure:3797: /ad/eng/courses/ec/ec535/gumstix/oe/cross/bin/arm-linux-gcc -c   conftest.c >&5
configure:3801: $? = 0
configure:3822: result: o
configure:3826: checking whether we are using the GNU C compiler
configure:3845: /ad/eng/courses/ec/ec535/gumstix/oe/cross/bin/arm-linux-gcc -c   conftest.c >&5
configure:3845: $? = 0
configure:3854: result: yes
configure:3863: checking whether /ad/eng/courses/ec/ec535/gumstix/oe/cross/bin/arm-linux-gcc accepts -g
configure:3883: /ad/eng/courses/ec/ec535/gumstix/oe/cross/bin/arm-linux-gcc -c -g  conftest.c >&5
configure:3883: $? = 0
configure:3924: result: yes
configure:3941: checking for /ad/eng/courses/ec/ec535/gumstix/oe/cross/bin/arm-linux-gcc option to accept ISO C89
configure:4004: /ad/eng/courses/ec/ec535/gumstix/oe/cross/bin/arm-linux-gcc  -c -g -O2  conftest.c >&5
configure:4004: $? = 0
configure:4017: result: none needed
configure:4039: checking dependency style of /ad/eng/courses/ec/ec535/gumstix/oe/cross/bin/arm-linux-gcc
configure:4150: result: gcc3
configure:4169: checking build system type
configure:4183: result: x86_64-unknown-linux-gnu
configure:4203: checking host system type
configure:4216: result: arm-unknown-linux-gnu
configure:4260: checking for ld used by GCC
configure:4324: result: /ad/eng/courses/ec/ec535/gumstix/oe/cross/arm-angstrom-linux-gnueabi/bin/ld
configure:4331: checking if the linker (/ad/eng/courses/ec/ec535/gumstix/oe/cross/arm-angstrom-linux-gnueabi/bin/ld) is GNU ld
configure:4344: result: yes
configure:4351: checking for shared library run path origin
configure:4364: result: done
configure:4389: checking how to run the C preprocessor
configure:4420: /ad/eng/courses/ec/ec535/gumstix/oe/cross/bin/arm-linux-gcc -E  conftest.c
configure:4420: $? = 0
configure:4434: /ad/eng/courses/ec/ec535/gumstix/oe/cross/bin/arm-linux-gcc -E  conftest.c
conftest.c:11:28: error: ac_nonexistent.h: No such file or directory
configure:4434: $? = 1
configure: failed program was:
| /* confdefs.h */
| #define PACKAGE_NAME "alsa-utils"
| #define PACKAGE_TARNAME "alsa-utils"
| #define PACKAGE_VERSION "1.1.1"
| #define PACKAGE_STRING "alsa-utils 1.1.1"
| #define PACKAGE_BUGREPORT ""
| #define PACKAGE_URL ""
| #define PACKAGE "alsa-utils"
| #define VERSION "1.1.1"
| /* end confdefs.h.  */
| #include <ac_nonexistent.h>
configure:4459: result: /ad/eng/courses/ec/ec535/gumstix/oe/cross/bin/arm-linux-gcc -E
configure:4479: /ad/eng/courses/ec/ec535/gumstix/oe/cross/bin/arm-linux-gcc -E  conftest.c
configure:4479: $? = 0
configure:4493: /ad/eng/courses/ec/ec535/gumstix/oe/cross/bin/arm-linux-gcc -E  conftest.c
conftest.c:11:28: error: ac_nonexistent.h: No such file or directory
configure:4493: $? = 1
configure: failed program was:
| /* confdefs.h */
| #define PACKAGE_NAME "alsa-utils"
| #define PACKAGE_TARNAME "alsa-utils"
| #define PACKAGE_VERSION "1.1.1"
| #define PACKAGE_STRING "alsa-utils 1.1.1"
| #define PACKAGE_BUGREPORT ""
| #define PACKAGE_URL ""
| #define PACKAGE "alsa-utils"
| #define VERSION "1.1.1"
| /* end confdefs.h.  */
| #include <ac_nonexistent.h>
configure:4522: checking for grep that handles long lines and -e
configure:4580: result: /bin/grep
configure:4585: checking for egrep
configure:4647: result: /bin/grep -E
configure:5205: checking for CFPreferencesCopyAppValue
configure:5223: /ad/eng/courses/ec/ec535/gumstix/oe/cross/bin/arm-linux-gcc -o conftest -g -O2   conftest.c  -Wl,-framework -Wl,CoreFoundation >&5
conftest.c:11:42: error: CoreFoundation/CFPreferences.h: No such file or directory
conftest.c: In function 'main':
conftest.c:15: error: 'NULL' undeclared (first use in this function)
conftest.c:15: error: (Each undeclared identifier is reported only once
conftest.c:15: error: for each function it appears in.)
configure:5223: $? = 1
configure: failed program was:
| /* confdefs.h */
| #define PACKAGE_NAME "alsa-utils"
| #define PACKAGE_TARNAME "alsa-utils"
| #define PACKAGE_VERSION "1.1.1"
| #define PACKAGE_STRING "alsa-utils 1.1.1"
| #define PACKAGE_BUGREPORT ""
| #define PACKAGE_URL ""
| #define PACKAGE "alsa-utils"
| #define VERSION "1.1.1"
| /* end confdefs.h.  */
| #include <CoreFoundation/CFPreferences.h>
| int
| main ()
| {
| CFPreferencesCopyAppValue(NULL, NULL)
|   ;
|   return 0;
| }
configure:5232: result: no
configure:5239: checking for CFLocaleCopyCurrent
configure:5257: /ad/eng/courses/ec/ec535/gumstix/oe/cross/bin/arm-linux-gcc -o conftest -g -O2   conftest.c  -Wl,-framework -Wl,CoreFoundation >&5
conftest.c:11:37: error: CoreFoundation/CFLocale.h: No such file or directory
configure:5257: $? = 1
configure: failed program was:
| /* confdefs.h */
| #define PACKAGE_NAME "alsa-utils"
| #define PACKAGE_TARNAME "alsa-utils"
| #define PACKAGE_VERSION "1.1.1"
| #define PACKAGE_STRING "alsa-utils 1.1.1"
| #define PACKAGE_BUGREPORT ""
| #define PACKAGE_URL ""
| #define PACKAGE "alsa-utils"
| #define VERSION "1.1.1"
| /* end confdefs.h.  */
| #include <CoreFoundation/CFLocale.h>
| int
| main ()
| {
| CFLocaleCopyCurrent();
|   ;
|   return 0;
| }
configure:5266: result: no
configure:6135: checking whether to use NLS
configure:6137: result: no
configure:6219: checking for arm-linux-gcc
configure:6246: result: /ad/eng/courses/ec/ec535/gumstix/oe/cross/bin/arm-linux-gcc
configure:6515: checking for C compiler version
configure:6524: /ad/eng/courses/ec/ec535/gumstix/oe/cross/bin/arm-linux-gcc --version >&5
arm-linux-gcc (GCC) 4.1.2
Copyright (C) 2006 Free Software Foundation, Inc.
This is free software; see the source for copying conditions.  There is NO
warranty; not even for MERCHANTABILITY or FITNESS FOR A PARTICULAR PURPOSE.

configure:6535: $? = 0
configure:6524: /ad/eng/courses/ec/ec535/gumstix/oe/cross/bin/arm-linux-gcc -v >&5
Using built-in specs.
Target: arm-angstrom-linux-gnueabi
Configured with: /export/wqin/gumstix/gumstix-oe/tmp/work/armv5te-angstrom-linux-gnueabi/gcc-cross-4.1.2-r10/gcc-4.1.2/configure --build=i686-linux --host=i686-linux --target=arm-angstrom-linux-gnueabi --prefix=/export/wqin/gumstix/gumstix-oe/tmp/cross --exec_prefix=/export/wqin/gumstix/gumstix-oe/tmp/cross --bindir=/export/wqin/gumstix/gumstix-oe/tmp/cross/bin --sbindir=/export/wqin/gumstix/gumstix-oe/tmp/cross/bin --libexecdir=/export/wqin/gumstix/gumstix-oe/tmp/cross/libexec --datadir=/export/wqin/gumstix/gumstix-oe/tmp/cross/share --sysconfdir=/export/wqin/gumstix/gumstix-oe/tmp/cross/etc --sharedstatedir=/export/wqin/gumstix/gumstix-oe/tmp/cross/com --localstatedir=/export/wqin/gumstix/gumstix-oe/tmp/cross/var --libdir=/export/wqin/gumstix/gumstix-oe/tmp/cross/lib --includedir=/export/wqin/gumstix/gumstix-oe/tmp/cross/include --oldincludedir=/export/wqin/gumstix/gumstix-oe/tmp/cross/include --infodir=/export/wqin/gumstix/gumstix-oe/tmp/cross/share/info --mandir=/export/wqin/gumstix/gumstix-oe/tmp/cross/share/man --with-gnu-ld --enable-shared --enable-target-optspace --enable-languages=c,c++ --enable-threads=posix --enable-multilib --enable-c99 --enable-long-long --enable-symvers=gnu --enable-libstdcxx-pch --program-prefix=arm-angstrom-linux-gnueabi- --with-local-prefix=/export/wqin/gumstix/gumstix-oe/tmp/staging/arm-angstrom-linux-gnueabi --with-gxx-include-dir=/export/wqin/gumstix/gumstix-oe/tmp/staging/arm-angstrom-linux-gnueabi/include/c++ --enable-__cxa_atexit --with-float=soft --disable-libssp --disable-libunwind-exceptions --with-mpfr=/export/wqin/gumstix/gumstix-oe/tmp/staging/i686-linux
Thread model: posix
gcc version 4.1.2
configure:6535: $? = 0
configure:6524: /ad/eng/courses/ec/ec535/gumstix/oe/cross/bin/arm-linux-gcc -V >&5
arm-linux-gcc: '-V' option must have argument
configure:6535: $? = 1
configure:6524: /ad/eng/courses/ec/ec535/gumstix/oe/cross/bin/arm-linux-gcc -qversion >&5
arm-linux-gcc: unrecognized option '-qversion'
arm-linux-gcc: no input files
configure:6535: $? = 1
configure:6539: checking whether we are using the GNU C compiler
configure:6567: result: yes
configure:6576: checking whether /ad/eng/courses/ec/ec535/gumstix/oe/cross/bin/arm-linux-gcc accepts -g
configure:6637: result: yes
configure:6654: checking for /ad/eng/courses/ec/ec535/gumstix/oe/cross/bin/arm-linux-gcc option to accept ISO C89
configure:6730: result: none needed
configure:6752: checking dependency style of /ad/eng/courses/ec/ec535/gumstix/oe/cross/bin/arm-linux-gcc
configure:6863: result: gcc3
configure:6880: checking whether ln -s works
configure:6884: result: yes
configure:6891: checking for a sed that does not truncate output
configure:6955: result: /bin/sed
configure:6970: checking for arm-linux-pkg-config
configure:7003: result: no
configure:7013: checking for pkg-config
configure:7031: found /usr/bin/pkg-config
configure:7043: result: /usr/bin/pkg-config
configure:7055: WARNING: using cross tools not prefixed with host triplet
configure:7068: checking pkg-config is at least version 0.9.0
configure:7071: result: yes
configure:7110: checking for ALSA CFLAGS
configure:7116: result:  -I/home/nmemme/EC535/Project/install/include/
configure:7119: checking for ALSA LDFLAGS
configure:7128: result:  -L/home/nmemme/EC535/Project/install/lib -lasound -lm -ldl -lpthread
configure:7133: checking for libasound headers version >= 1.0.27
configure:7195: /ad/eng/courses/ec/ec535/gumstix/oe/cross/bin/arm-linux-gcc -c -g -O2 -I/home/nmemme/EC535/Project/install/include/  conftest.c >&5
configure:7195: $? = 0
configure:7196: result: found.
configure:7215: checking for snd_ctl_open in -lasound
configure:7240: /ad/eng/courses/ec/ec535/gumstix/oe/cross/bin/arm-linux-gcc -o conftest -g -O2 -I/home/nmemme/EC535/Project/install/include/    -L/home/nmemme/EC535/Project/install/lib conftest.c -lasound   -L/home/nmemme/EC535/Project/install/lib -lasound -lm -ldl -lpthread  >&5
configure:7240: $? = 0
configure:7249: result: yes
configure:7285: checking for snd_ctl_elem_add_enumerated
configure:7285: /ad/eng/courses/ec/ec535/gumstix/oe/cross/bin/arm-linux-gcc -o conftest -g -O2 -I/home/nmemme/EC535/Project/install/include/    -L/home/nmemme/EC535/Project/install/lib conftest.c -lasound -L/home/nmemme/EC535/Project/install/lib -lm -ldl -lpthread >&5
configure:7285: $? = 0
configure:7285: result: yes
configure:7296: checking for alsa/pcm.h
configure:7296: /ad/eng/courses/ec/ec535/gumstix/oe/cross/bin/arm-linux-gcc -c -g -O2 -I/home/nmemme/EC535/Project/install/include/  conftest.c >&5
configure:7296: $? = 0
configure:7296: result: yes
configure:7311: checking for alsa/mixer.h
configure:7311: /ad/eng/courses/ec/ec535/gumstix/oe/cross/bin/arm-linux-gcc -c -g -O2 -I/home/nmemme/EC535/Project/install/include/  conftest.c >&5
configure:7311: $? = 0
configure:7311: result: yes
configure:7326: checking for alsa/rawmidi.h
configure:7326: /ad/eng/courses/ec/ec535/gumstix/oe/cross/bin/arm-linux-gcc -c -g -O2 -I/home/nmemme/EC535/Project/install/include/  conftest.c >&5
configure:7326: $? = 0
configure:7326: result: yes
configure:7341: checking for alsa/seq.h
configure:7341: /ad/eng/courses/ec/ec535/gumstix/oe/cross/bin/arm-linux-gcc -c -g -O2 -I/home/nmemme/EC535/Project/install/include/  conftest.c >&5
configure:7341: $? = 0
configure:7341: result: yes
configure:7356: checking for alsa/use-case.h
configure:7356: /ad/eng/courses/ec/ec535/gumstix/oe/cross/bin/arm-linux-gcc -c -g -O2 -I/home/nmemme/EC535/Project/install/include/  conftest.c >&5
configure:7356: $? = 0
configure:7356: result: yes
configure:7371: checking for alsa/topology.h
configure:7371: /ad/eng/courses/ec/ec535/gumstix/oe/cross/bin/arm-linux-gcc -c -g -O2 -I/home/nmemme/EC535/Project/install/include/  conftest.c >&5
configure:7371: $? = 0
configure:7371: result: yes
configure:7386: checking for samplerate.h
configure:7386: /ad/eng/courses/ec/ec535/gumstix/oe/cross/bin/arm-linux-gcc -c -g -O2 -I/home/nmemme/EC535/Project/install/include/  conftest.c >&5
conftest.c:18:24: error: samplerate.h: No such file or directory
configure:7386: $? = 1
configure: failed program was:
| /* confdefs.h */
| #define PACKAGE_NAME "alsa-utils"
| #define PACKAGE_TARNAME "alsa-utils"
| #define PACKAGE_VERSION "1.1.1"
| #define PACKAGE_STRING "alsa-utils 1.1.1"
| #define PACKAGE_BUGREPORT ""
| #define PACKAGE_URL ""
| #define PACKAGE "alsa-utils"
| #define VERSION "1.1.1"
| #define HAVE_LIBASOUND 1
| #define HAVE_ALSA_PCM_H 1
| #define HAVE_ALSA_MIXER_H 1
| #define HAVE_ALSA_RAWMIDI_H 1
| #define HAVE_ALSA_SEQ_H 1
| #define HAVE_ALSA_USE_CASE_H 1
| #define HAVE_ALSA_TOPOLOGY_H 1
| /* end confdefs.h.  */
| #include <samplerate.h>
| 
| #include <samplerate.h>
configure:7386: result: no
configure:7400: checking for snd_seq_client_info_get_card in -lasound
configure:7425: /ad/eng/courses/ec/ec535/gumstix/oe/cross/bin/arm-linux-gcc -o conftest -g -O2 -I/home/nmemme/EC535/Project/install/include/    -L/home/nmemme/EC535/Project/install/lib conftest.c -lasound  -lasound -L/home/nmemme/EC535/Project/install/lib -lm -ldl -lpthread >&5
configure:7425: $? = 0
configure:7434: result: yes
configure:7445: checking for snd_seq_client_info_get_pid in -lasound
configure:7470: /ad/eng/courses/ec/ec535/gumstix/oe/cross/bin/arm-linux-gcc -o conftest -g -O2 -I/home/nmemme/EC535/Project/install/include/    -L/home/nmemme/EC535/Project/install/lib conftest.c -lasound  -lasound -L/home/nmemme/EC535/Project/install/lib -lm -ldl -lpthread >&5
configure:7470: $? = 0
configure:7479: result: yes
configure:7593: checking for fftw_malloc in -lfftw3
configure:7618: /ad/eng/courses/ec/ec535/gumstix/oe/cross/bin/arm-linux-gcc -o conftest -g -O2 -I/home/nmemme/EC535/Project/install/include/    -L/home/nmemme/EC535/Project/install/lib conftest.c -lfftw3  -lasound -L/home/nmemme/EC535/Project/install/lib -lm -ldl -lpthread >&5
/ad/eng/courses/ec/ec535/gumstix/oe/cross/bin/../lib/gcc/arm-angstrom-linux-gnueabi/4.1.2/../../../../arm-angstrom-linux-gnueabi/bin/ld: cannot find -lfftw3
collect2: ld returned 1 exit status
configure:7618: $? = 1
configure: failed program was:
| /* confdefs.h */
| #define PACKAGE_NAME "alsa-utils"
| #define PACKAGE_TARNAME "alsa-utils"
| #define PACKAGE_VERSION "1.1.1"
| #define PACKAGE_STRING "alsa-utils 1.1.1"
| #define PACKAGE_BUGREPORT ""
| #define PACKAGE_URL ""
| #define PACKAGE "alsa-utils"
| #define VERSION "1.1.1"
| #define HAVE_LIBASOUND 1
| #define HAVE_ALSA_PCM_H 1
| #define HAVE_ALSA_MIXER_H 1
| #define HAVE_ALSA_RAWMIDI_H 1
| #define HAVE_ALSA_SEQ_H 1
| #define HAVE_ALSA_USE_CASE_H 1
| #define HAVE_ALSA_TOPOLOGY_H 1
| #define HAVE_SEQ_CLIENT_INFO_GET_CARD 1
| #define HAVE_SEQ_CLIENT_INFO_GET_PID 1
| /* end confdefs.h.  */
| 
| /* Override any GCC internal prototype to avoid an error.
|    Use char because int might match the return type of a GCC
|    builtin and then its argument prototype would still apply.  */
| #ifdef __cplusplus
| extern "C"
| #endif
| char fftw_malloc ();
| int
| main ()
| {
| return fftw_malloc ();
|   ;
|   return 0;
| }
configure:7627: result: no
configure:7691: checking for sqrtf in -lm
configure:7716: /ad/eng/courses/ec/ec535/gumstix/oe/cross/bin/arm-linux-gcc -o conftest -g -O2 -I/home/nmemme/EC535/Project/install/include/    -L/home/nmemme/EC535/Project/install/lib conftest.c -lm  -lasound -L/home/nmemme/EC535/Project/install/lib -lm -ldl -lpthread >&5
conftest.c:27: warning: conflicting types for built-in function 'sqrtf'
configure:7716: $? = 0
configure:7725: result: yes
configure:7738: checking for pthread_create in -lpthread
configure:7763: /ad/eng/courses/ec/ec535/gumstix/oe/cross/bin/arm-linux-gcc -o conftest -g -O2 -I/home/nmemme/EC535/Project/install/include/    -L/home/nmemme/EC535/Project/install/lib conftest.c -lpthread  -lm -lasound -L/home/nmemme/EC535/Project/install/lib -lm -ldl -lpthread >&5
configure:7763: $? = 0
configure:7772: result: yes
configure:7813: checking for librt
configure:7824: checking for clock_gettime in -lrt
configure:7849: /ad/eng/courses/ec/ec535/gumstix/oe/cross/bin/arm-linux-gcc -o conftest -g -O2 -I/home/nmemme/EC535/Project/install/include/    -L/home/nmemme/EC535/Project/install/lib conftest.c -lrt  -lasound -L/home/nmemme/EC535/Project/install/lib -lm -ldl -lpthread >&5
configure:7849: $? = 0
configure:7858: result: yes
configure:8015: checking for ANSI C header files
configure:8035: /ad/eng/courses/ec/ec535/gumstix/oe/cross/bin/arm-linux-gcc -c -g -O2 -I/home/nmemme/EC535/Project/install/include/  conftest.c >&5
configure:8035: $? = 0
configure:8119: result: yes
configure:8993: checking for an ANSI C-conforming const
configure:9059: /ad/eng/courses/ec/ec535/gumstix/oe/cross/bin/arm-linux-gcc -c -g -O2 -I/home/nmemme/EC535/Project/install/include/  conftest.c >&5
configure:9059: $? = 0
configure:9066: result: yes
configure:9074: checking for inline
configure:9090: /ad/eng/courses/ec/ec535/gumstix/oe/cross/bin/arm-linux-gcc -c -g -O2 -I/home/nmemme/EC535/Project/install/include/  conftest.c >&5
configure:9090: $? = 0
configure:9098: result: inline
configure:9116: checking whether time.h and sys/time.h may both be included
configure:9136: /ad/eng/courses/ec/ec535/gumstix/oe/cross/bin/arm-linux-gcc -c -g -O2 -I/home/nmemme/EC535/Project/install/include/  conftest.c >&5
configure:9136: $? = 0
configure:9143: result: yes
configure:9153: checking whether /ad/eng/courses/ec/ec535/gumstix/oe/cross/bin/arm-linux-gcc needs -traditional
configure:9187: result: no
configure:9202: checking for special C compiler options needed for large files
configure:9247: result: no
configure:9253: checking for _FILE_OFFSET_BITS value needed for large files
configure:9278: /ad/eng/courses/ec/ec535/gumstix/oe/cross/bin/arm-linux-gcc -c -g -O2 -I/home/nmemme/EC535/Project/install/include/  conftest.c >&5
conftest.c:34: warning: left shift count >= width of type
conftest.c:34: warning: left shift count >= width of type
conftest.c:36: error: size of array 'off_t_is_large' is negative
configure:9278: $? = 1
configure: failed program was:
| /* confdefs.h */
| #define PACKAGE_NAME "alsa-utils"
| #define PACKAGE_TARNAME "alsa-utils"
| #define PACKAGE_VERSION "1.1.1"
| #define PACKAGE_STRING "alsa-utils 1.1.1"
| #define PACKAGE_BUGREPORT ""
| #define PACKAGE_URL ""
| #define PACKAGE "alsa-utils"
| #define VERSION "1.1.1"
| #define HAVE_LIBASOUND 1
| #define HAVE_ALSA_PCM_H 1
| #define HAVE_ALSA_MIXER_H 1
| #define HAVE_ALSA_RAWMIDI_H 1
| #define HAVE_ALSA_SEQ_H 1
| #define HAVE_ALSA_USE_CASE_H 1
| #define HAVE_ALSA_TOPOLOGY_H 1
| #define HAVE_SEQ_CLIENT_INFO_GET_CARD 1
| #define HAVE_SEQ_CLIENT_INFO_GET_PID 1
| #define HAVE_LIBM 1
| #define HAVE_LIBPTHREAD 1
| #define HAVE_LIBRT 1
| #define HAVE_CLOCK_GETTIME 1
| #define STDC_HEADERS 1
| #define SOUNDSDIR "/home/nmemme/EC535/Project/install/share/sounds/alsa"
| #define DATADIR "/home/nmemme/EC535/Project/install/share/alsa"
| #define TIME_WITH_SYS_TIME 1
| /* end confdefs.h.  */
| #include <sys/types.h>
|  /* Check that off_t can represent 2**63 - 1 correctly.
|     We can't simply define LARGE_OFF_T to be 9223372036854775807,
|     since some C++ compilers masquerading as C compilers
|     incorrectly reject 9223372036854775807.  */
| #define LARGE_OFF_T (((off_t) 1 << 62) - 1 + ((off_t) 1 << 62))
|   int off_t_is_large[(LARGE_OFF_T % 2147483629 == 721
| 		       && LARGE_OFF_T % 2147483647 == 1)
| 		      ? 1 : -1];
| int
| main ()
| {
| 
|   ;
|   return 0;
| }
configure:9302: /ad/eng/courses/ec/ec535/gumstix/oe/cross/bin/arm-linux-gcc -c -g -O2 -I/home/nmemme/EC535/Project/install/include/  conftest.c >&5
configure:9302: $? = 0
configure:9310: result: 64
configure:9587: checking that generated files are newer than configure
configure:9593: result: done
configure:9684: creating ./config.status

## ---------------------- ##
## Running config.status. ##
## ---------------------- ##

This file was extended by alsa-utils config.status 1.1.1, which was
generated by GNU Autoconf 2.69.  Invocation command line was

  CONFIG_FILES    = 
  CONFIG_HEADERS  = 
  CONFIG_LINKS    = 
  CONFIG_COMMANDS = 
  $ ./config.status 

on me-compsim-01

config.status:983: creating Makefile
config.status:983: creating alsactl/Makefile
config.status:983: creating alsactl/init/Makefile
config.status:983: creating alsamixer/Makefile
config.status:983: creating amidi/Makefile
config.status:983: creating amixer/Makefile
config.status:983: creating m4/Makefile
config.status:983: creating po/Makefile.in
config.status:983: creating alsaconf/alsaconf
config.status:983: creating alsaconf/Makefile
config.status:983: creating alsaconf/po/Makefile
config.status:1091: WARNING:  'alsaconf/po/Makefile.in' seems to ignore the --datarootdir setting
config.status:983: creating alsaucm/Makefile
config.status:983: creating topology/Makefile
config.status:983: creating bat/Makefile
config.status:983: creating aplay/Makefile
config.status:983: creating include/Makefile
config.status:983: creating iecset/Makefile
config.status:983: creating utils/Makefile
config.status:983: creating utils/alsa-utils.spec
config.status:983: creating seq/Makefile
config.status:983: creating seq/aconnect/Makefile
config.status:983: creating seq/aplaymidi/Makefile
config.status:983: creating seq/aseqdump/Makefile
config.status:983: creating seq/aseqnet/Makefile
config.status:983: creating speaker-test/Makefile
config.status:983: creating speaker-test/samples/Makefile
config.status:983: creating alsaloop/Makefile
config.status:983: creating alsa-info/Makefile
config.status:983: creating include/aconfig.h
config.status:1164: include/aconfig.h is unchanged
config.status:1212: executing po-directories commands
config.status:1212: executing depfiles commands

## ---------------- ##
## Cache variables. ##
## ---------------- ##

ac_cv_build=x86_64-unknown-linux-gnu
ac_cv_c_compiler_gnu=yes
ac_cv_c_const=yes
ac_cv_c_inline=inline
ac_cv_env_CC_set=set
ac_cv_env_CC_value=/ad/eng/courses/ec/ec535/gumstix/oe/cross/bin/arm-linux-gcc
ac_cv_env_CFLAGS_set=
ac_cv_env_CFLAGS_value=
ac_cv_env_CPPFLAGS_set=
ac_cv_env_CPPFLAGS_value=
ac_cv_env_CPP_set=
ac_cv_env_CPP_value=
ac_cv_env_LDFLAGS_set=
ac_cv_env_LDFLAGS_value=
ac_cv_env_LIBS_set=
ac_cv_env_LIBS_value=
ac_cv_env_NCURSESW_CFLAGS_set=
ac_cv_env_NCURSESW_CFLAGS_value=
ac_cv_env_NCURSESW_LIBS_set=
ac_cv_env_NCURSESW_LIBS_value=
ac_cv_env_NCURSES_CFLAGS_set=
ac_cv_env_NCURSES_CFLAGS_value=
ac_cv_env_NCURSES_LIBS_set=
ac_cv_env_NCURSES_LIBS_value=
ac_cv_env_PKG_CONFIG_LIBDIR_set=
ac_cv_env_PKG_CONFIG_LIBDIR_value=
ac_cv_env_PKG_CONFIG_PATH_set=
ac_cv_env_PKG_CONFIG_PATH_value=
ac_cv_env_PKG_CONFIG_set=
ac_cv_env_PKG_CONFIG_value=
ac_cv_env_build_alias_set=
ac_cv_env_build_alias_value=
ac_cv_env_host_alias_set=set
ac_cv_env_host_alias_value=arm-linux
ac_cv_env_target_alias_set=
ac_cv_env_target_alias_value=
ac_cv_func_snd_ctl_elem_add_enumerated=yes
ac_cv_header_alsa_mixer_h=yes
ac_cv_header_alsa_pcm_h=yes
ac_cv_header_alsa_rawmidi_h=yes
ac_cv_header_alsa_seq_h=yes
ac_cv_header_alsa_topology_h=yes
ac_cv_header_alsa_use_case_h=yes
ac_cv_header_samplerate_h=no
ac_cv_header_stdc=yes
ac_cv_header_time=yes
ac_cv_host=arm-unknown-linux-gnu
ac_cv_lib_asound_snd_ctl_open=yes
ac_cv_lib_asound_snd_seq_client_info_get_card=yes
ac_cv_lib_asound_snd_seq_client_info_get_pid=yes
ac_cv_lib_fftw3_fftw_malloc=no
ac_cv_lib_m_sqrtf=yes
ac_cv_lib_pthread_pthread_create=yes
ac_cv_lib_rt_clock_gettime=yes
ac_cv_objext=o
ac_cv_path_EGREP='/bin/grep -E'
ac_cv_path_GMSGFMT=/usr/bin/msgfmt
ac_cv_path_GREP=/bin/grep
ac_cv_path_MSGFMT=/usr/bin/msgfmt
ac_cv_path_MSGMERGE=/usr/bin/msgmerge
ac_cv_path_SED=/bin/sed
ac_cv_path_XGETTEXT=/usr/bin/xgettext
ac_cv_path_ac_pt_PKG_CONFIG=/usr/bin/pkg-config
ac_cv_path_install='/usr/bin/install -c'
ac_cv_path_mkdir=/bin/mkdir
ac_cv_prog_AWK=gawk
ac_cv_prog_CC=/ad/eng/courses/ec/ec535/gumstix/oe/cross/bin/arm-linux-gcc
ac_cv_prog_CPP='/ad/eng/courses/ec/ec535/gumstix/oe/cross/bin/arm-linux-gcc -E'
ac_cv_prog_STRIP=arm-linux-strip
ac_cv_prog_cc_c89=
ac_cv_prog_cc_g=yes
ac_cv_prog_gcc_traditional=no
ac_cv_prog_make_make_set=yes
ac_cv_sys_file_offset_bits=64
ac_cv_sys_largefile_CC=no
acl_cv_hardcode_direct=no
acl_cv_hardcode_libdir_flag_spec='${wl}-rpath ${wl}$libdir'
acl_cv_hardcode_libdir_separator=
acl_cv_hardcode_minus_L=no
acl_cv_libext=a
acl_cv_libname_spec='lib$name'
acl_cv_library_names_spec='$libname$shrext'
acl_cv_path_LD=/ad/eng/courses/ec/ec535/gumstix/oe/cross/arm-angstrom-linux-gnueabi/bin/ld
acl_cv_prog_gnu_ld=yes
acl_cv_rpath=done
acl_cv_shlibext=so
acl_cv_wl=-Wl,
am_cv_CC_dependencies_compiler_type=gcc3
gt_cv_func_CFLocaleCopyCurrent=no
gt_cv_func_CFPreferencesCopyAppValue=no

## ----------------- ##
## Output variables. ##
## ----------------- ##

ACLOCAL='${SHELL} /home/nmemme/EC535/Project/alsa-utils-1.1.1/missing --run aclocal-1.12'
ALSACONF_FALSE='#'
ALSACONF_TRUE=''
ALSACTL_DAEMONSWITCH='/etc/alsa/state-daemon.conf'
ALSACTL_PIDFILE_DIR='/var/run'
ALSALOOP_FALSE='#'
ALSALOOP_TRUE=''
ALSAMIXER_FALSE=''
ALSAMIXER_TRUE='#'
ALSA_CFLAGS=' -I/home/nmemme/EC535/Project/install/include/'
ALSA_LIBS=' -L/home/nmemme/EC535/Project/install/lib -lasound -lm -ldl -lpthread'
AMDEPBACKSLASH='\'
AMDEP_FALSE='#'
AMDEP_TRUE=''
AMTAR='$${TAR-tar}'
ASOUND_LOCK_DIR='/var/lock'
ASOUND_STATE_DIR='/var/lib/alsa'
AUTOCONF='${SHELL} /home/nmemme/EC535/Project/alsa-utils-1.1.1/missing --run autoconf'
AUTOHEADER='${SHELL} /home/nmemme/EC535/Project/alsa-utils-1.1.1/missing --run autoheader'
AUTOMAKE='${SHELL} /home/nmemme/EC535/Project/alsa-utils-1.1.1/missing --run automake-1.12'
AWK='gawk'
BAT_FALSE='#'
BAT_TRUE=''
CC='/ad/eng/courses/ec/ec535/gumstix/oe/cross/bin/arm-linux-gcc'
CCDEPMODE='depmode=gcc3'
CFLAGS='-g -O2 -I/home/nmemme/EC535/Project/install/include/'
CPP='/ad/eng/courses/ec/ec535/gumstix/oe/cross/bin/arm-linux-gcc -E'
CPPFLAGS=''
CURSESINC=''
CURSESLIB=''
CURSES_CFLAGS=''
CYGPATH_W='echo'
DEFS='-DHAVE_CONFIG_H'
DEPDIR='.deps'
ECHO_C=''
ECHO_N='-n'
ECHO_T=''
EGREP='/bin/grep -E'
EXEEXT=''
FFTW_CFLAGS='-g -O2 -I/home/nmemme/EC535/Project/install/include/'
FFTW_INC=''
FFTW_LIB='-lpthread -lm -lasound -L/home/nmemme/EC535/Project/install/lib -lm -ldl -lpthread'
GETTEXT_MACRO_VERSION='0.18'
GMSGFMT='/usr/bin/msgfmt'
GMSGFMT_015='/usr/bin/msgfmt'
GREP='/bin/grep'
HAVE_LIBFFTW3_FALSE=''
HAVE_LIBFFTW3_TRUE='#'
HAVE_LIBTINYALSA_FALSE=''
HAVE_LIBTINYALSA_TRUE='#'
HAVE_MIXER_FALSE='#'
HAVE_MIXER_TRUE=''
HAVE_PCM_FALSE='#'
HAVE_PCM_TRUE=''
HAVE_RAWMIDI_FALSE='#'
HAVE_RAWMIDI_TRUE=''
HAVE_SAMPLERATE_FALSE=''
HAVE_SAMPLERATE_TRUE='#'
HAVE_SEQ_FALSE='#'
HAVE_SEQ_TRUE=''
HAVE_SYSTEMD_FALSE=''
HAVE_SYSTEMD_TRUE='#'
HAVE_TOPOLOGY_FALSE='#'
HAVE_TOPOLOGY_TRUE=''
HAVE_UCM_FALSE='#'
HAVE_UCM_TRUE=''
INSTALL_DATA='${INSTALL} -m 644'
INSTALL_PROGRAM='${INSTALL}'
INSTALL_SCRIPT='${INSTALL}'
INSTALL_STRIP_PROGRAM='$(install_sh) -c -s'
INTLLIBS=''
INTL_MACOSX_LIBS=''
LDFLAGS='  -L/home/nmemme/EC535/Project/install/lib'
LIBICONV='-liconv'
LIBINTL=''
LIBOBJS=''
LIBRT='-lrt'
LIBS='-lasound -L/home/nmemme/EC535/Project/install/lib -lm -ldl -lpthread'
LN_S='ln -s'
LTLIBICONV='-liconv'
LTLIBINTL=''
LTLIBOBJS=''
MAINT=''
MAINTAINER_MODE_FALSE='#'
MAINTAINER_MODE_TRUE=''
MAKEINFO='${SHELL} /home/nmemme/EC535/Project/alsa-utils-1.1.1/missing --run makeinfo'
MKDIR_P='/bin/mkdir -p'
MSGFMT='/usr/bin/msgfmt'
MSGFMT_015='/usr/bin/msgfmt'
MSGMERGE='/usr/bin/msgmerge'
NCURSESW_CFLAGS=''
NCURSESW_LIBS=''
NCURSES_CFLAGS=''
NCURSES_LIBS=''
OBJEXT='o'
PACKAGE='alsa-utils'
PACKAGE_BUGREPORT=''
PACKAGE_NAME='alsa-utils'
PACKAGE_STRING='alsa-utils 1.1.1'
PACKAGE_TARNAME='alsa-utils'
PACKAGE_URL=''
PACKAGE_VERSION='1.1.1'
PATH_SEPARATOR=':'
PKG_CONFIG='/usr/bin/pkg-config'
PKG_CONFIG_LIBDIR=''
PKG_CONFIG_PATH=''
POSUB=''
SED='/bin/sed'
SET_MAKE=''
SHELL='/bin/sh'
SND_UTIL_MAJOR='1'
SND_UTIL_MINOR='1'
SND_UTIL_SUBMINOR='1'
SND_UTIL_VERSION='1.1.1'
STRIP='arm-linux-strip'
TESTSOUND='/home/nmemme/EC535/Project/install/share/test.wav'
USE_NLS='no'
USE_XMLTO_FALSE=''
USE_XMLTO_TRUE='#'
VERSION='1.1.1'
XGETTEXT='/usr/bin/xgettext'
XGETTEXT_015='/usr/bin/xgettext'
XGETTEXT_EXTRA_OPTIONS=''
ac_ct_CC=''
am__EXEEXT_FALSE=''
am__EXEEXT_TRUE='#'
am__fastdepCC_FALSE='#'
am__fastdepCC_TRUE=''
am__include='include'
am__isrc=''
am__leading_dot='.'
am__nodep='_no'
am__quote=''
am__tar='$${TAR-tar} chof - "$$tardir"'
am__untar='$${TAR-tar} xf -'
bindir='${exec_prefix}/bin'
build='x86_64-unknown-linux-gnu'
build_alias=''
build_cpu='x86_64'
build_os='linux-gnu'
build_vendor='unknown'
datadir='${datarootdir}'
datarootdir='${prefix}/share'
docdir='${datarootdir}/doc/${PACKAGE_TARNAME}'
dvidir='${docdir}'
exec_prefix='${prefix}'
host='arm-unknown-linux-gnu'
host_alias='arm-linux'
host_cpu='arm'
host_os='linux-gnu'
host_vendor='unknown'
htmldir='${docdir}'
includedir='${prefix}/include'
infodir='${datarootdir}/info'
install_sh='${SHELL} /home/nmemme/EC535/Project/alsa-utils-1.1.1/install-sh'
libdir='${exec_prefix}/lib'
libexecdir='${exec_prefix}/libexec'
localedir='${datarootdir}/locale'
localstatedir='${prefix}/var'
mandir='${datarootdir}/man'
mkdir_p='/bin/mkdir -p'
mydatadir='/home/nmemme/EC535/Project/install/share/alsa'
ncurses5_config=''
ncursesw5_config=''
oldincludedir='/usr/include'
pdfdir='${docdir}'
prefix='/home/nmemme/EC535/Project/install'
program_transform_name='s,x,x,'
psdir='${docdir}'
sbindir='${exec_prefix}/sbin'
sharedstatedir='${prefix}/com'
sysconfdir='${prefix}/etc'
systemdsystemunitdir=''
target_alias=''
udevrulesdir='/lib/udev/rules.d'
xmlto='no'

## ----------- ##
## confdefs.h. ##
## ----------- ##

/* confdefs.h */
#define PACKAGE_NAME "alsa-utils"
#define PACKAGE_TARNAME "alsa-utils"
#define PACKAGE_VERSION "1.1.1"
#define PACKAGE_STRING "alsa-utils 1.1.1"
#define PACKAGE_BUGREPORT ""
#define PACKAGE_URL ""
#define PACKAGE "alsa-utils"
#define VERSION "1.1.1"
#define HAVE_LIBASOUND 1
#define HAVE_ALSA_PCM_H 1
#define HAVE_ALSA_MIXER_H 1
#define HAVE_ALSA_RAWMIDI_H 1
#define HAVE_ALSA_SEQ_H 1
#define HAVE_ALSA_USE_CASE_H 1
#define HAVE_ALSA_TOPOLOGY_H 1
#define HAVE_SEQ_CLIENT_INFO_GET_CARD 1
#define HAVE_SEQ_CLIENT_INFO_GET_PID 1
#define HAVE_LIBM 1
#define HAVE_LIBPTHREAD 1
#define HAVE_LIBRT 1
#define HAVE_CLOCK_GETTIME 1
#define STDC_HEADERS 1
#define SOUNDSDIR "/home/nmemme/EC535/Project/install/share/sounds/alsa"
#define DATADIR "/home/nmemme/EC535/Project/install/share/alsa"
#define TIME_WITH_SYS_TIME 1
#define _FILE_OFFSET_BITS 64
#define VERSION "1.1.1"

configure: exit 0
