This file contains any messages produced by compilers while
running configure, to aid debugging if configure makes a mistake.

It was created by alsa-lib configure 1.1.1, which was
generated by GNU Autoconf 2.63.  Invocation command line was

  $ ./configure --host=arm-linux --prefix=/home/caitiem/ec535/project/ec535-mp3player/alsa_lib host_alias=arm-linux CC=/ad/eng/courses/ec/ec535/gumstix/oe/cross/bin/arm-linux-gcc --no-create --no-recursion

## --------- ##
## Platform. ##
## --------- ##

hostname = signals41
uname -m = x86_64
uname -r = 2.6.32-573.12.1.el6.x86_64
uname -s = Linux
uname -v = #1 SMP Tue Dec 15 21:19:08 UTC 2015

/usr/bin/uname -p = unknown
/bin/uname -X     = unknown

/bin/arch              = x86_64
/usr/bin/arch -k       = unknown
/usr/convex/getsysinfo = unknown
/usr/bin/hostinfo      = unknown
/bin/machine           = unknown
/usr/bin/oslevel       = unknown
/bin/universe          = unknown

PATH: /ad/eng/courses/ec/ec535/gtkwave/bin
PATH: /ad/eng/courses/ec/ec535/gumstix/oe/cross/bin
PATH: /ad/eng/courses/ec/ec535/bin
PATH: /ad/eng/courses/ec/ec535/usr/bin
PATH: /mnt/nokrb/gridengine/bin/linux-x64
PATH: /mnt/nokrb/gridengine/bin/linux-x64
PATH: /mnt/nokrb/gridengine/bin/linux-x64
PATH: /usr/lib64/qt-3.3/bin
PATH: /mnt/nokrb/gridengine/bin/linux-x64
PATH: /usr/lib64/openmpi/bin
PATH: /mnt/nokrb/gridengine/bin/linux-x64
PATH: /usr/local/bin
PATH: /usr/bin
PATH: /bin
PATH: /usr/local/sbin
PATH: /usr/sbin
PATH: /sbin
PATH: /ad/eng/bin/64
PATH: /ad/eng/bin/32
PATH: /ad/eng/bin
PATH: /ad/eng/bin/64
PATH: /ad/eng/bin/32
PATH: /ad/eng/bin
PATH: /ad/eng/support/software/linux/all/x86_64/python32/bin


## ----------- ##
## Core tests. ##
## ----------- ##

configure:2129: checking build system type
configure:2147: result: x86_64-unknown-linux-gnu
configure:2169: checking host system type
configure:2184: result: arm-unknown-linux-gnu
configure:2222: checking for a BSD-compatible install
configure:2290: result: /usr/bin/install -c
configure:2301: checking whether build environment is sane
configure:2366: result: yes
configure:2425: checking for arm-linux-strip
configure:2441: found /ad/eng/courses/ec/ec535/gumstix/oe/cross/bin/arm-linux-strip
configure:2452: result: arm-linux-strip
configure:2517: checking for a thread-safe mkdir -p
configure:2556: result: /bin/mkdir -p
configure:2563: checking for gawk
configure:2579: found /usr/bin/gawk
configure:2590: result: gawk
configure:2601: checking whether make sets $(MAKE)
configure:2623: result: yes
configure:2722: checking whether to enable maintainer-specific portions of Makefiles
configure:2731: result: yes
configure:2757: checking whether make supports nested variables
configure:2774: result: yes
configure:2797: checking for arm-linux-gcc
configure:2824: result: /ad/eng/courses/ec/ec535/gumstix/oe/cross/bin/arm-linux-gcc
configure:3096: checking for C compiler version
configure:3104: /ad/eng/courses/ec/ec535/gumstix/oe/cross/bin/arm-linux-gcc --version >&5
arm-linux-gcc (GCC) 4.1.2
Copyright (C) 2006 Free Software Foundation, Inc.
This is free software; see the source for copying conditions.  There is NO
warranty; not even for MERCHANTABILITY or FITNESS FOR A PARTICULAR PURPOSE.

configure:3108: $? = 0
configure:3115: /ad/eng/courses/ec/ec535/gumstix/oe/cross/bin/arm-linux-gcc -v >&5
Using built-in specs.
Target: arm-angstrom-linux-gnueabi
Configured with: /export/wqin/gumstix/gumstix-oe/tmp/work/armv5te-angstrom-linux-gnueabi/gcc-cross-4.1.2-r10/gcc-4.1.2/configure --build=i686-linux --host=i686-linux --target=arm-angstrom-linux-gnueabi --prefix=/export/wqin/gumstix/gumstix-oe/tmp/cross --exec_prefix=/export/wqin/gumstix/gumstix-oe/tmp/cross --bindir=/export/wqin/gumstix/gumstix-oe/tmp/cross/bin --sbindir=/export/wqin/gumstix/gumstix-oe/tmp/cross/bin --libexecdir=/export/wqin/gumstix/gumstix-oe/tmp/cross/libexec --datadir=/export/wqin/gumstix/gumstix-oe/tmp/cross/share --sysconfdir=/export/wqin/gumstix/gumstix-oe/tmp/cross/etc --sharedstatedir=/export/wqin/gumstix/gumstix-oe/tmp/cross/com --localstatedir=/export/wqin/gumstix/gumstix-oe/tmp/cross/var --libdir=/export/wqin/gumstix/gumstix-oe/tmp/cross/lib --includedir=/export/wqin/gumstix/gumstix-oe/tmp/cross/include --oldincludedir=/export/wqin/gumstix/gumstix-oe/tmp/cross/include --infodir=/export/wqin/gumstix/gumstix-oe/tmp/cross/share/info --mandir=/export/wqin/gumstix/gumstix-oe/tmp/cross/share/man --with-gnu-ld --enable-shared --enable-target-optspace --enable-languages=c,c++ --enable-threads=posix --enable-multilib --enable-c99 --enable-long-long --enable-symvers=gnu --enable-libstdcxx-pch --program-prefix=arm-angstrom-linux-gnueabi- --with-local-prefix=/export/wqin/gumstix/gumstix-oe/tmp/staging/arm-angstrom-linux-gnueabi --with-gxx-include-dir=/export/wqin/gumstix/gumstix-oe/tmp/staging/arm-angstrom-linux-gnueabi/include/c++ --enable-__cxa_atexit --with-float=soft --disable-libssp --disable-libunwind-exceptions --with-mpfr=/export/wqin/gumstix/gumstix-oe/tmp/staging/i686-linux
Thread model: posix
gcc version 4.1.2
configure:3119: $? = 0
configure:3126: /ad/eng/courses/ec/ec535/gumstix/oe/cross/bin/arm-linux-gcc -V >&5
arm-linux-gcc: '-V' option must have argument
configure:3130: $? = 1
configure:3153: checking for C compiler default output file name
configure:3175: /ad/eng/courses/ec/ec535/gumstix/oe/cross/bin/arm-linux-gcc    conftest.c  >&5
configure:3179: $? = 0
configure:3217: result: a.out
configure:3236: checking whether the C compiler works
configure:3246: ./a.out
./configure: line 3248: ./a.out: cannot execute binary file
configure:3250: $? = 126
configure:3269: result: yes
configure:3276: checking whether we are cross compiling
configure:3278: result: yes
configure:3281: checking for suffix of executables
configure:3288: /ad/eng/courses/ec/ec535/gumstix/oe/cross/bin/arm-linux-gcc -o conftest    conftest.c  >&5
configure:3292: $? = 0
configure:3318: result: 
configure:3324: checking for suffix of object files
configure:3350: /ad/eng/courses/ec/ec535/gumstix/oe/cross/bin/arm-linux-gcc -c   conftest.c >&5
configure:3354: $? = 0
configure:3379: result: o
configure:3383: checking whether we are using the GNU C compiler
configure:3412: /ad/eng/courses/ec/ec535/gumstix/oe/cross/bin/arm-linux-gcc -c   conftest.c >&5
configure:3419: $? = 0
configure:3436: result: yes
configure:3445: checking whether /ad/eng/courses/ec/ec535/gumstix/oe/cross/bin/arm-linux-gcc accepts -g
configure:3475: /ad/eng/courses/ec/ec535/gumstix/oe/cross/bin/arm-linux-gcc -c -g  conftest.c >&5
configure:3482: $? = 0
configure:3583: result: yes
configure:3600: checking for /ad/eng/courses/ec/ec535/gumstix/oe/cross/bin/arm-linux-gcc option to accept ISO C89
configure:3674: /ad/eng/courses/ec/ec535/gumstix/oe/cross/bin/arm-linux-gcc  -c -g -O2  conftest.c >&5
configure:3681: $? = 0
configure:3704: result: none needed
configure:3733: checking for style of include used by make
configure:3761: result: GNU
configure:3787: checking dependency style of /ad/eng/courses/ec/ec535/gumstix/oe/cross/bin/arm-linux-gcc
configure:3898: result: gcc3
configure:3918: checking how to run the C preprocessor
configure:3958: /ad/eng/courses/ec/ec535/gumstix/oe/cross/bin/arm-linux-gcc -E  conftest.c
configure:3965: $? = 0
configure:3996: /ad/eng/courses/ec/ec535/gumstix/oe/cross/bin/arm-linux-gcc -E  conftest.c
conftest.c:10:28: error: ac_nonexistent.h: No such file or directory
configure:4003: $? = 1
configure: failed program was:
| /* confdefs.h.  */
| #define PACKAGE_NAME "alsa-lib"
| #define PACKAGE_TARNAME "alsa-lib"
| #define PACKAGE_VERSION "1.1.1"
| #define PACKAGE_STRING "alsa-lib 1.1.1"
| #define PACKAGE_BUGREPORT ""
| #define PACKAGE "alsa-lib"
| #define VERSION "1.1.1"
| /* end confdefs.h.  */
| #include <ac_nonexistent.h>
configure:4036: result: /ad/eng/courses/ec/ec535/gumstix/oe/cross/bin/arm-linux-gcc -E
configure:4065: /ad/eng/courses/ec/ec535/gumstix/oe/cross/bin/arm-linux-gcc -E  conftest.c
configure:4072: $? = 0
configure:4103: /ad/eng/courses/ec/ec535/gumstix/oe/cross/bin/arm-linux-gcc -E  conftest.c
conftest.c:10:28: error: ac_nonexistent.h: No such file or directory
configure:4110: $? = 1
configure: failed program was:
| /* confdefs.h.  */
| #define PACKAGE_NAME "alsa-lib"
| #define PACKAGE_TARNAME "alsa-lib"
| #define PACKAGE_VERSION "1.1.1"
| #define PACKAGE_STRING "alsa-lib 1.1.1"
| #define PACKAGE_BUGREPORT ""
| #define PACKAGE "alsa-lib"
| #define VERSION "1.1.1"
| /* end confdefs.h.  */
| #include <ac_nonexistent.h>
configure:4151: checking for grep that handles long lines and -e
configure:4211: result: /bin/grep
configure:4216: checking for egrep
configure:4280: result: /bin/grep -E
configure:4285: checking for ANSI C header files
configure:4315: /ad/eng/courses/ec/ec535/gumstix/oe/cross/bin/arm-linux-gcc -c -g -O2  conftest.c >&5
configure:4322: $? = 0
configure:4453: result: yes
configure:4477: checking for sys/types.h
configure:4498: /ad/eng/courses/ec/ec535/gumstix/oe/cross/bin/arm-linux-gcc -c -g -O2  conftest.c >&5
configure:4505: $? = 0
configure:4522: result: yes
configure:4477: checking for sys/stat.h
configure:4498: /ad/eng/courses/ec/ec535/gumstix/oe/cross/bin/arm-linux-gcc -c -g -O2  conftest.c >&5
configure:4505: $? = 0
configure:4522: result: yes
configure:4477: checking for stdlib.h
configure:4498: /ad/eng/courses/ec/ec535/gumstix/oe/cross/bin/arm-linux-gcc -c -g -O2  conftest.c >&5
configure:4505: $? = 0
configure:4522: result: yes
configure:4477: checking for string.h
configure:4498: /ad/eng/courses/ec/ec535/gumstix/oe/cross/bin/arm-linux-gcc -c -g -O2  conftest.c >&5
configure:4505: $? = 0
configure:4522: result: yes
configure:4477: checking for memory.h
configure:4498: /ad/eng/courses/ec/ec535/gumstix/oe/cross/bin/arm-linux-gcc -c -g -O2  conftest.c >&5
configure:4505: $? = 0
configure:4522: result: yes
configure:4477: checking for strings.h
configure:4498: /ad/eng/courses/ec/ec535/gumstix/oe/cross/bin/arm-linux-gcc -c -g -O2  conftest.c >&5
configure:4505: $? = 0
configure:4522: result: yes
configure:4477: checking for inttypes.h
configure:4498: /ad/eng/courses/ec/ec535/gumstix/oe/cross/bin/arm-linux-gcc -c -g -O2  conftest.c >&5
configure:4505: $? = 0
configure:4522: result: yes
configure:4477: checking for stdint.h
configure:4498: /ad/eng/courses/ec/ec535/gumstix/oe/cross/bin/arm-linux-gcc -c -g -O2  conftest.c >&5
configure:4505: $? = 0
configure:4522: result: yes
configure:4477: checking for unistd.h
configure:4498: /ad/eng/courses/ec/ec535/gumstix/oe/cross/bin/arm-linux-gcc -c -g -O2  conftest.c >&5
configure:4505: $? = 0
configure:4522: result: yes
configure:4547: checking minix/config.h usability
configure:4564: /ad/eng/courses/ec/ec535/gumstix/oe/cross/bin/arm-linux-gcc -c -g -O2  conftest.c >&5
conftest.c:53:26: error: minix/config.h: No such file or directory
configure:4571: $? = 1
configure: failed program was:
| /* confdefs.h.  */
| #define PACKAGE_NAME "alsa-lib"
| #define PACKAGE_TARNAME "alsa-lib"
| #define PACKAGE_VERSION "1.1.1"
| #define PACKAGE_STRING "alsa-lib 1.1.1"
| #define PACKAGE_BUGREPORT ""
| #define PACKAGE "alsa-lib"
| #define VERSION "1.1.1"
| #define STDC_HEADERS 1
| #define HAVE_SYS_TYPES_H 1
| #define HAVE_SYS_STAT_H 1
| #define HAVE_STDLIB_H 1
| #define HAVE_STRING_H 1
| #define HAVE_MEMORY_H 1
| #define HAVE_STRINGS_H 1
| #define HAVE_INTTYPES_H 1
| #define HAVE_STDINT_H 1
| #define HAVE_UNISTD_H 1
| /* end confdefs.h.  */
| #include <stdio.h>
| #ifdef HAVE_SYS_TYPES_H
| # include <sys/types.h>
| #endif
| #ifdef HAVE_SYS_STAT_H
| # include <sys/stat.h>
| #endif
| #ifdef STDC_HEADERS
| # include <stdlib.h>
| # include <stddef.h>
| #else
| # ifdef HAVE_STDLIB_H
| #  include <stdlib.h>
| # endif
| #endif
| #ifdef HAVE_STRING_H
| # if !defined STDC_HEADERS && defined HAVE_MEMORY_H
| #  include <memory.h>
| # endif
| # include <string.h>
| #endif
| #ifdef HAVE_STRINGS_H
| # include <strings.h>
| #endif
| #ifdef HAVE_INTTYPES_H
| # include <inttypes.h>
| #endif
| #ifdef HAVE_STDINT_H
| # include <stdint.h>
| #endif
| #ifdef HAVE_UNISTD_H
| # include <unistd.h>
| #endif
| #include <minix/config.h>
configure:4585: result: no
configure:4589: checking minix/config.h presence
configure:4604: /ad/eng/courses/ec/ec535/gumstix/oe/cross/bin/arm-linux-gcc -E  conftest.c
conftest.c:20:26: error: minix/config.h: No such file or directory
configure:4611: $? = 1
configure: failed program was:
| /* confdefs.h.  */
| #define PACKAGE_NAME "alsa-lib"
| #define PACKAGE_TARNAME "alsa-lib"
| #define PACKAGE_VERSION "1.1.1"
| #define PACKAGE_STRING "alsa-lib 1.1.1"
| #define PACKAGE_BUGREPORT ""
| #define PACKAGE "alsa-lib"
| #define VERSION "1.1.1"
| #define STDC_HEADERS 1
| #define HAVE_SYS_TYPES_H 1
| #define HAVE_SYS_STAT_H 1
| #define HAVE_STDLIB_H 1
| #define HAVE_STRING_H 1
| #define HAVE_MEMORY_H 1
| #define HAVE_STRINGS_H 1
| #define HAVE_INTTYPES_H 1
| #define HAVE_STDINT_H 1
| #define HAVE_UNISTD_H 1
| /* end confdefs.h.  */
| #include <minix/config.h>
configure:4625: result: no
configure:4653: checking for minix/config.h
configure:4660: result: no
configure:4691: checking whether it is safe to define __EXTENSIONS__
configure:4719: /ad/eng/courses/ec/ec535/gumstix/oe/cross/bin/arm-linux-gcc -c -g -O2  conftest.c >&5
configure:4726: $? = 0
configure:4741: result: yes
configure:4779: checking for a BSD-compatible install
configure:4847: result: /usr/bin/install -c
configure:4858: checking whether ln -s works
configure:4862: result: yes
configure:4950: checking how to print strings
configure:4977: result: printf
configure:4998: checking for a sed that does not truncate output
configure:5064: result: /bin/sed
configure:5082: checking for fgrep
configure:5146: result: /bin/grep -F
configure:5181: checking for ld used by /ad/eng/courses/ec/ec535/gumstix/oe/cross/bin/arm-linux-gcc
configure:5248: result: /ad/eng/courses/ec/ec535/gumstix/oe/cross/arm-angstrom-linux-gnueabi/bin/ld
configure:5257: checking if the linker (/ad/eng/courses/ec/ec535/gumstix/oe/cross/arm-angstrom-linux-gnueabi/bin/ld) is GNU ld
configure:5272: result: yes
configure:5284: checking for BSD- or MS-compatible name lister (nm)
configure:5333: result: /ad/eng/courses/ec/ec535/gumstix/oe/cross/bin/arm-linux-nm -B
configure:5463: checking the name lister (/ad/eng/courses/ec/ec535/gumstix/oe/cross/bin/arm-linux-nm -B) interface
configure:5470: /ad/eng/courses/ec/ec535/gumstix/oe/cross/bin/arm-linux-gcc -c -g -O2  conftest.c >&5
configure:5473: /ad/eng/courses/ec/ec535/gumstix/oe/cross/bin/arm-linux-nm -B "conftest.o"
configure:5476: output
00000000 B some_variable
configure:5483: result: BSD nm
configure:5487: checking the maximum length of command line arguments
configure:5617: result: 1966080
configure:5634: checking whether the shell understands some XSI constructs
configure:5644: result: yes
configure:5648: checking whether the shell understands "+="
configure:5654: result: yes
configure:5689: checking how to convert x86_64-unknown-linux-gnu file names to arm-unknown-linux-gnu format
configure:5729: result: func_convert_file_noop
configure:5736: checking how to convert x86_64-unknown-linux-gnu file names to toolchain format
configure:5756: result: func_convert_file_noop
configure:5763: checking for /ad/eng/courses/ec/ec535/gumstix/oe/cross/arm-angstrom-linux-gnueabi/bin/ld option to reload object files
configure:5770: result: -r
configure:5804: checking for arm-linux-objdump
configure:5820: found /ad/eng/courses/ec/ec535/gumstix/oe/cross/bin/arm-linux-objdump
configure:5831: result: arm-linux-objdump
configure:5903: checking how to recognize dependent libraries
configure:6105: result: pass_all
configure:6150: checking for arm-linux-dlltool
configure:6180: result: no
configure:6190: checking for dlltool
configure:6220: result: no
configure:6250: checking how to associate runtime and link libraries
configure:6277: result: printf %s\n
configure:6293: checking for arm-linux-ar
configure:6309: found /ad/eng/courses/ec/ec535/gumstix/oe/cross/bin/arm-linux-ar
configure:6320: result: arm-linux-ar
configure:6401: checking for archiver @FILE support
configure:6428: /ad/eng/courses/ec/ec535/gumstix/oe/cross/bin/arm-linux-gcc -c -g -O2  conftest.c >&5
configure:6435: $? = 0
configure:6442: arm-linux-ar cru libconftest.a @conftest.lst >&5
configure:6445: $? = 0
configure:6450: arm-linux-ar cru libconftest.a @conftest.lst >&5
arm-linux-ar: conftest.o: No such file or directory
configure:6453: $? = 1
configure:6471: result: @
configure:6489: checking for arm-linux-strip
configure:6516: result: arm-linux-strip
configure:6588: checking for arm-linux-ranlib
configure:6604: found /ad/eng/courses/ec/ec535/gumstix/oe/cross/bin/arm-linux-ranlib
configure:6615: result: arm-linux-ranlib
configure:6757: checking command to parse /ad/eng/courses/ec/ec535/gumstix/oe/cross/bin/arm-linux-nm -B output from /ad/eng/courses/ec/ec535/gumstix/oe/cross/bin/arm-linux-gcc object
configure:6877: /ad/eng/courses/ec/ec535/gumstix/oe/cross/bin/arm-linux-gcc -c -g -O2  conftest.c >&5
configure:6880: $? = 0
configure:6884: /ad/eng/courses/ec/ec535/gumstix/oe/cross/bin/arm-linux-nm -B conftest.o \| sed -n -e 's/^.*[ ]\([ABCDGIRSTW][ABCDGIRSTW]*\)[ ][ ]*\([_A-Za-z][_A-Za-z0-9]*\)$/\1 \2 \2/p' | sed '/ __gnu_lto/d' \> conftest.nm
configure:6887: $? = 0
configure:6953: /ad/eng/courses/ec/ec535/gumstix/oe/cross/bin/arm-linux-gcc -o conftest -g -O2   conftest.c conftstm.o >&5
configure:6956: $? = 0
configure:6994: result: ok
configure:7031: checking for sysroot
configure:7063: result: no
configure:7308: checking for arm-linux-mt
configure:7338: result: no
configure:7348: checking for mt
configure:7378: result: no
configure:7398: checking if : is a manifest tool
configure:7404: : '-?'
configure:7412: result: no
configure:8082: checking for dlfcn.h
configure:8103: /ad/eng/courses/ec/ec535/gumstix/oe/cross/bin/arm-linux-gcc -c -g -O2  conftest.c >&5
configure:8110: $? = 0
configure:8127: result: yes
configure:8303: checking for objdir
configure:8318: result: .libs
configure:8585: checking if /ad/eng/courses/ec/ec535/gumstix/oe/cross/bin/arm-linux-gcc supports -fno-rtti -fno-exceptions
configure:8603: /ad/eng/courses/ec/ec535/gumstix/oe/cross/bin/arm-linux-gcc -c -g -O2  -fno-rtti -fno-exceptions conftest.c >&5
cc1: warning: command line option "-fno-rtti" is valid for C++/ObjC++ but not for C
configure:8607: $? = 0
configure:8620: result: no
configure:8947: checking for /ad/eng/courses/ec/ec535/gumstix/oe/cross/bin/arm-linux-gcc option to produce PIC
configure:8954: result: -fPIC -DPIC
configure:8962: checking if /ad/eng/courses/ec/ec535/gumstix/oe/cross/bin/arm-linux-gcc PIC flag -fPIC -DPIC works
configure:8980: /ad/eng/courses/ec/ec535/gumstix/oe/cross/bin/arm-linux-gcc -c -g -O2  -fPIC -DPIC -DPIC conftest.c >&5
configure:8984: $? = 0
configure:8997: result: yes
configure:9026: checking if /ad/eng/courses/ec/ec535/gumstix/oe/cross/bin/arm-linux-gcc static flag -static works
configure:9054: result: yes
configure:9069: checking if /ad/eng/courses/ec/ec535/gumstix/oe/cross/bin/arm-linux-gcc supports -c -o file.o
configure:9090: /ad/eng/courses/ec/ec535/gumstix/oe/cross/bin/arm-linux-gcc -c -g -O2  -o out/conftest2.o conftest.c >&5
configure:9094: $? = 0
configure:9116: result: yes
configure:9124: checking if /ad/eng/courses/ec/ec535/gumstix/oe/cross/bin/arm-linux-gcc supports -c -o file.o
configure:9171: result: yes
configure:9204: checking whether the /ad/eng/courses/ec/ec535/gumstix/oe/cross/bin/arm-linux-gcc linker (/ad/eng/courses/ec/ec535/gumstix/oe/cross/arm-angstrom-linux-gnueabi/bin/ld) supports shared libraries
configure:10448: result: yes
configure:10485: checking whether -lc should be explicitly linked in
configure:10493: /ad/eng/courses/ec/ec535/gumstix/oe/cross/bin/arm-linux-gcc -c -g -O2  conftest.c >&5
configure:10496: $? = 0
configure:10511: /ad/eng/courses/ec/ec535/gumstix/oe/cross/bin/arm-linux-gcc -shared  -fPIC -DPIC conftest.o  -v -Wl,-soname -Wl,conftest -o conftest 2\>\&1 \| /bin/grep  -lc  \>/dev/null 2\>\&1
configure:10514: $? = 0
configure:10528: result: no
configure:10688: checking dynamic linker characteristics
configure:11209: /ad/eng/courses/ec/ec535/gumstix/oe/cross/bin/arm-linux-gcc -o conftest -g -O2   -Wl,-rpath -Wl,/foo conftest.c  >&5
configure:11216: $? = 0
configure:11457: result: GNU/Linux ld.so
configure:11564: checking how to hardcode library paths into programs
configure:11589: result: immediate
configure:11712: checking for shl_load
configure:11768: /ad/eng/courses/ec/ec535/gumstix/oe/cross/bin/arm-linux-gcc -o conftest -g -O2   conftest.c  >&5
/tmp/ccAy4B4d.o: In function `main':
/ad/eng/users/c/a/caitiem/ec535/project/ec535-mp3player/alsa_lib/alsa-lib-1.1.1/conftest.c:61: undefined reference to `shl_load'
collect2: ld returned 1 exit status
configure:11775: $? = 1
configure: failed program was:
| /* confdefs.h.  */
| #define PACKAGE_NAME "alsa-lib"
| #define PACKAGE_TARNAME "alsa-lib"
| #define PACKAGE_VERSION "1.1.1"
| #define PACKAGE_STRING "alsa-lib 1.1.1"
| #define PACKAGE_BUGREPORT ""
| #define PACKAGE "alsa-lib"
| #define VERSION "1.1.1"
| #define STDC_HEADERS 1
| #define HAVE_SYS_TYPES_H 1
| #define HAVE_SYS_STAT_H 1
| #define HAVE_STDLIB_H 1
| #define HAVE_STRING_H 1
| #define HAVE_MEMORY_H 1
| #define HAVE_STRINGS_H 1
| #define HAVE_INTTYPES_H 1
| #define HAVE_STDINT_H 1
| #define HAVE_UNISTD_H 1
| #define __EXTENSIONS__ 1
| #define _ALL_SOURCE 1
| #define _GNU_SOURCE 1
| #define _POSIX_PTHREAD_SEMANTICS 1
| #define _TANDEM_SOURCE 1
| #define HAVE_DLFCN_H 1
| #define LT_OBJDIR ".libs/"
| /* end confdefs.h.  */
| /* Define shl_load to an innocuous variant, in case <limits.h> declares shl_load.
|    For example, HP-UX 11i <limits.h> declares gettimeofday.  */
| #define shl_load innocuous_shl_load
| 
| /* System header to define __stub macros and hopefully few prototypes,
|     which can conflict with char shl_load (); below.
|     Prefer <limits.h> to <assert.h> if __STDC__ is defined, since
|     <limits.h> exists even on freestanding compilers.  */
| 
| #ifdef __STDC__
| # include <limits.h>
| #else
| # include <assert.h>
| #endif
| 
| #undef shl_load
| 
| /* Override any GCC internal prototype to avoid an error.
|    Use char because int might match the return type of a GCC
|    builtin and then its argument prototype would still apply.  */
| #ifdef __cplusplus
| extern "C"
| #endif
| char shl_load ();
| /* The GNU C library defines this for functions which it implements
|     to always fail with ENOSYS.  Some functions are actually named
|     something starting with __ and the normal name is an alias.  */
| #if defined __stub_shl_load || defined __stub___shl_load
| choke me
| #endif
| 
| int
| main ()
| {
| return shl_load ();
|   ;
|   return 0;
| }
configure:11795: result: no
configure:11800: checking for shl_load in -ldld
configure:11835: /ad/eng/courses/ec/ec535/gumstix/oe/cross/bin/arm-linux-gcc -o conftest -g -O2   conftest.c -ldld   >&5
/ad/eng/courses/ec/ec535/gumstix/oe/cross/bin/../lib/gcc/arm-angstrom-linux-gnueabi/4.1.2/../../../../arm-angstrom-linux-gnueabi/bin/ld: cannot find -ldld
collect2: ld returned 1 exit status
configure:11842: $? = 1
configure: failed program was:
| /* confdefs.h.  */
| #define PACKAGE_NAME "alsa-lib"
| #define PACKAGE_TARNAME "alsa-lib"
| #define PACKAGE_VERSION "1.1.1"
| #define PACKAGE_STRING "alsa-lib 1.1.1"
| #define PACKAGE_BUGREPORT ""
| #define PACKAGE "alsa-lib"
| #define VERSION "1.1.1"
| #define STDC_HEADERS 1
| #define HAVE_SYS_TYPES_H 1
| #define HAVE_SYS_STAT_H 1
| #define HAVE_STDLIB_H 1
| #define HAVE_STRING_H 1
| #define HAVE_MEMORY_H 1
| #define HAVE_STRINGS_H 1
| #define HAVE_INTTYPES_H 1
| #define HAVE_STDINT_H 1
| #define HAVE_UNISTD_H 1
| #define __EXTENSIONS__ 1
| #define _ALL_SOURCE 1
| #define _GNU_SOURCE 1
| #define _POSIX_PTHREAD_SEMANTICS 1
| #define _TANDEM_SOURCE 1
| #define HAVE_DLFCN_H 1
| #define LT_OBJDIR ".libs/"
| /* end confdefs.h.  */
| 
| /* Override any GCC internal prototype to avoid an error.
|    Use char because int might match the return type of a GCC
|    builtin and then its argument prototype would still apply.  */
| #ifdef __cplusplus
| extern "C"
| #endif
| char shl_load ();
| int
| main ()
| {
| return shl_load ();
|   ;
|   return 0;
| }
configure:11863: result: no
configure:11868: checking for dlopen
configure:11924: /ad/eng/courses/ec/ec535/gumstix/oe/cross/bin/arm-linux-gcc -o conftest -g -O2   conftest.c  >&5
/tmp/ccgdCfcl.o: In function `main':
/ad/eng/users/c/a/caitiem/ec535/project/ec535-mp3player/alsa_lib/alsa-lib-1.1.1/conftest.c:61: undefined reference to `dlopen'
collect2: ld returned 1 exit status
configure:11931: $? = 1
configure: failed program was:
| /* confdefs.h.  */
| #define PACKAGE_NAME "alsa-lib"
| #define PACKAGE_TARNAME "alsa-lib"
| #define PACKAGE_VERSION "1.1.1"
| #define PACKAGE_STRING "alsa-lib 1.1.1"
| #define PACKAGE_BUGREPORT ""
| #define PACKAGE "alsa-lib"
| #define VERSION "1.1.1"
| #define STDC_HEADERS 1
| #define HAVE_SYS_TYPES_H 1
| #define HAVE_SYS_STAT_H 1
| #define HAVE_STDLIB_H 1
| #define HAVE_STRING_H 1
| #define HAVE_MEMORY_H 1
| #define HAVE_STRINGS_H 1
| #define HAVE_INTTYPES_H 1
| #define HAVE_STDINT_H 1
| #define HAVE_UNISTD_H 1
| #define __EXTENSIONS__ 1
| #define _ALL_SOURCE 1
| #define _GNU_SOURCE 1
| #define _POSIX_PTHREAD_SEMANTICS 1
| #define _TANDEM_SOURCE 1
| #define HAVE_DLFCN_H 1
| #define LT_OBJDIR ".libs/"
| /* end confdefs.h.  */
| /* Define dlopen to an innocuous variant, in case <limits.h> declares dlopen.
|    For example, HP-UX 11i <limits.h> declares gettimeofday.  */
| #define dlopen innocuous_dlopen
| 
| /* System header to define __stub macros and hopefully few prototypes,
|     which can conflict with char dlopen (); below.
|     Prefer <limits.h> to <assert.h> if __STDC__ is defined, since
|     <limits.h> exists even on freestanding compilers.  */
| 
| #ifdef __STDC__
| # include <limits.h>
| #else
| # include <assert.h>
| #endif
| 
| #undef dlopen
| 
| /* Override any GCC internal prototype to avoid an error.
|    Use char because int might match the return type of a GCC
|    builtin and then its argument prototype would still apply.  */
| #ifdef __cplusplus
| extern "C"
| #endif
| char dlopen ();
| /* The GNU C library defines this for functions which it implements
|     to always fail with ENOSYS.  Some functions are actually named
|     something starting with __ and the normal name is an alias.  */
| #if defined __stub_dlopen || defined __stub___dlopen
| choke me
| #endif
| 
| int
| main ()
| {
| return dlopen ();
|   ;
|   return 0;
| }
configure:11951: result: no
configure:11956: checking for dlopen in -ldl
configure:11991: /ad/eng/courses/ec/ec535/gumstix/oe/cross/bin/arm-linux-gcc -o conftest -g -O2   conftest.c -ldl   >&5
configure:11998: $? = 0
configure:12019: result: yes
configure:12196: checking whether a program can dlopen itself
configure:12297: result: cross
configure:12442: checking whether stripping libraries is possible
configure:12447: result: yes
configure:12482: checking if libtool supports shared libraries
configure:12484: result: yes
configure:12487: checking whether to build shared libraries
configure:12508: result: yes
configure:12511: checking whether to build static libraries
configure:12515: result: no
configure:12555: checking for ANSI C header files
configure:12723: result: yes
configure:12736: checking for an ANSI C-conforming const
configure:12811: /ad/eng/courses/ec/ec535/gumstix/oe/cross/bin/arm-linux-gcc -c -g -O2  conftest.c >&5
configure:12818: $? = 0
configure:12833: result: yes
configure:12843: checking for inline
configure:12869: /ad/eng/courses/ec/ec535/gumstix/oe/cross/bin/arm-linux-gcc -c -g -O2  conftest.c >&5
configure:12876: $? = 0
configure:12894: result: inline
configure:12913: checking whether time.h and sys/time.h may both be included
configure:12943: /ad/eng/courses/ec/ec535/gumstix/oe/cross/bin/arm-linux-gcc -c -g -O2  conftest.c >&5
configure:12950: $? = 0
configure:12965: result: yes
configure:12977: checking whether /ad/eng/courses/ec/ec535/gumstix/oe/cross/bin/arm-linux-gcc needs -traditional
configure:13019: result: no
configure:13030: checking for uselocale
configure:13086: /ad/eng/courses/ec/ec535/gumstix/oe/cross/bin/arm-linux-gcc -o conftest -g -O2   conftest.c  >&5
configure:13093: $? = 0
configure:13115: result: yes
configure:13129: checking for library version
configure:13154: result: major 1 minor 1 subminor 1 extrastr  extraver 1000000
configure:13245: checking for versioned symbols
configure:13274: result: yes
configure:13293: checking for symbolic-functions
configure:13312: result: no
configure:13324: checking for custom symbol prefixes
configure:13337: result: 
configure:13340: checking for debug
configure:13351: result: yes
configure:13364: checking for debug assert
configure:13382: result: no
configure:13387: checking for tmpdir
configure:13397: result: /tmp
configure:13405: checking for softfloat
configure:13425: result: no
configure:13434: checking for libdl
configure:13446: checking for dlsym in -ldl
configure:13481: /ad/eng/courses/ec/ec535/gumstix/oe/cross/bin/arm-linux-gcc -o conftest -g -O2   conftest.c -ldl   >&5
configure:13488: $? = 0
configure:13509: result: yes
configure:13536: checking for pthread
configure:13547: checking for pthread_join in -lpthread
configure:13582: /ad/eng/courses/ec/ec535/gumstix/oe/cross/bin/arm-linux-gcc -o conftest -g -O2   conftest.c -lpthread   >&5
configure:13589: $? = 0
configure:13610: result: yes
configure:13629: checking for __thread
configure:13654: /ad/eng/courses/ec/ec535/gumstix/oe/cross/bin/arm-linux-gcc -o conftest -g -O2   conftest.c  >&5
configure:13661: $? = 0
configure:13674: result: yes
configure:13688: checking for librt
configure:13699: checking for clock_gettime in -lrt
configure:13734: /ad/eng/courses/ec/ec535/gumstix/oe/cross/bin/arm-linux-gcc -o conftest -g -O2   conftest.c -lrt   >&5
configure:13741: $? = 0
configure:13762: result: yes
configure:13807: checking wordexp.h usability
configure:13824: /ad/eng/courses/ec/ec535/gumstix/oe/cross/bin/arm-linux-gcc -c -g -O2  conftest.c >&5
configure:13831: $? = 0
configure:13845: result: yes
configure:13849: checking wordexp.h presence
configure:13864: /ad/eng/courses/ec/ec535/gumstix/oe/cross/bin/arm-linux-gcc -E  conftest.c
configure:13871: $? = 0
configure:13885: result: yes
configure:13913: checking for wordexp.h
configure:13922: result: yes
configure:13807: checking endian.h usability
configure:13824: /ad/eng/courses/ec/ec535/gumstix/oe/cross/bin/arm-linux-gcc -c -g -O2  conftest.c >&5
configure:13831: $? = 0
configure:13845: result: yes
configure:13849: checking endian.h presence
configure:13864: /ad/eng/courses/ec/ec535/gumstix/oe/cross/bin/arm-linux-gcc -E  conftest.c
configure:13871: $? = 0
configure:13885: result: yes
configure:13913: checking for endian.h
configure:13922: result: yes
configure:13807: checking sys/endian.h usability
configure:13824: /ad/eng/courses/ec/ec535/gumstix/oe/cross/bin/arm-linux-gcc -c -g -O2  conftest.c >&5
conftest.c:77:24: error: sys/endian.h: No such file or directory
configure:13831: $? = 1
configure: failed program was:
| /* confdefs.h.  */
| #define PACKAGE_NAME "alsa-lib"
| #define PACKAGE_TARNAME "alsa-lib"
| #define PACKAGE_VERSION "1.1.1"
| #define PACKAGE_STRING "alsa-lib 1.1.1"
| #define PACKAGE_BUGREPORT ""
| #define PACKAGE "alsa-lib"
| #define VERSION "1.1.1"
| #define STDC_HEADERS 1
| #define HAVE_SYS_TYPES_H 1
| #define HAVE_SYS_STAT_H 1
| #define HAVE_STDLIB_H 1
| #define HAVE_STRING_H 1
| #define HAVE_MEMORY_H 1
| #define HAVE_STRINGS_H 1
| #define HAVE_INTTYPES_H 1
| #define HAVE_STDINT_H 1
| #define HAVE_UNISTD_H 1
| #define __EXTENSIONS__ 1
| #define _ALL_SOURCE 1
| #define _GNU_SOURCE 1
| #define _POSIX_PTHREAD_SEMANTICS 1
| #define _TANDEM_SOURCE 1
| #define HAVE_DLFCN_H 1
| #define LT_OBJDIR ".libs/"
| #define STDC_HEADERS 1
| #define TIME_WITH_SYS_TIME 1
| #define HAVE_USELOCALE 1
| #define VERSION "1.1.1"
| #define ALSA_CONFIG_DIR "/home/caitiem/ec535/project/ec535-mp3player/alsa_lib/share/alsa"
| #define ALSA_PLUGIN_DIR "/home/caitiem/ec535/project/ec535-mp3player/alsa_lib/lib/alsa-lib"
| #define ALSA_PKGCONF_DIR "/home/caitiem/ec535/project/ec535-mp3player/alsa_lib/lib/pkgconfig"
| #define VERSIONED_SYMBOLS /**/
| #define __SYMBOL_PREFIX ""
| #define TMPDIR "/tmp"
| #define HAVE_LIBDL 1
| #define HAVE_LIBPTHREAD 1
| #define HAVE___THREAD 1
| #define HAVE_LIBRT 1
| #define HAVE_CLOCK_GETTIME 1
| #define HAVE_WORDEXP_H 1
| #define HAVE_ENDIAN_H 1
| /* end confdefs.h.  */
| #include <stdio.h>
| #ifdef HAVE_SYS_TYPES_H
| # include <sys/types.h>
| #endif
| #ifdef HAVE_SYS_STAT_H
| # include <sys/stat.h>
| #endif
| #ifdef STDC_HEADERS
| # include <stdlib.h>
| # include <stddef.h>
| #else
| # ifdef HAVE_STDLIB_H
| #  include <stdlib.h>
| # endif
| #endif
| #ifdef HAVE_STRING_H
| # if !defined STDC_HEADERS && defined HAVE_MEMORY_H
| #  include <memory.h>
| # endif
| # include <string.h>
| #endif
| #ifdef HAVE_STRINGS_H
| # include <strings.h>
| #endif
| #ifdef HAVE_INTTYPES_H
| # include <inttypes.h>
| #endif
| #ifdef HAVE_STDINT_H
| # include <stdint.h>
| #endif
| #ifdef HAVE_UNISTD_H
| # include <unistd.h>
| #endif
| #include <sys/endian.h>
configure:13845: result: no
configure:13849: checking sys/endian.h presence
configure:13864: /ad/eng/courses/ec/ec535/gumstix/oe/cross/bin/arm-linux-gcc -E  conftest.c
conftest.c:44:24: error: sys/endian.h: No such file or directory
configure:13871: $? = 1
configure: failed program was:
| /* confdefs.h.  */
| #define PACKAGE_NAME "alsa-lib"
| #define PACKAGE_TARNAME "alsa-lib"
| #define PACKAGE_VERSION "1.1.1"
| #define PACKAGE_STRING "alsa-lib 1.1.1"
| #define PACKAGE_BUGREPORT ""
| #define PACKAGE "alsa-lib"
| #define VERSION "1.1.1"
| #define STDC_HEADERS 1
| #define HAVE_SYS_TYPES_H 1
| #define HAVE_SYS_STAT_H 1
| #define HAVE_STDLIB_H 1
| #define HAVE_STRING_H 1
| #define HAVE_MEMORY_H 1
| #define HAVE_STRINGS_H 1
| #define HAVE_INTTYPES_H 1
| #define HAVE_STDINT_H 1
| #define HAVE_UNISTD_H 1
| #define __EXTENSIONS__ 1
| #define _ALL_SOURCE 1
| #define _GNU_SOURCE 1
| #define _POSIX_PTHREAD_SEMANTICS 1
| #define _TANDEM_SOURCE 1
| #define HAVE_DLFCN_H 1
| #define LT_OBJDIR ".libs/"
| #define STDC_HEADERS 1
| #define TIME_WITH_SYS_TIME 1
| #define HAVE_USELOCALE 1
| #define VERSION "1.1.1"
| #define ALSA_CONFIG_DIR "/home/caitiem/ec535/project/ec535-mp3player/alsa_lib/share/alsa"
| #define ALSA_PLUGIN_DIR "/home/caitiem/ec535/project/ec535-mp3player/alsa_lib/lib/alsa-lib"
| #define ALSA_PKGCONF_DIR "/home/caitiem/ec535/project/ec535-mp3player/alsa_lib/lib/pkgconfig"
| #define VERSIONED_SYMBOLS /**/
| #define __SYMBOL_PREFIX ""
| #define TMPDIR "/tmp"
| #define HAVE_LIBDL 1
| #define HAVE_LIBPTHREAD 1
| #define HAVE___THREAD 1
| #define HAVE_LIBRT 1
| #define HAVE_CLOCK_GETTIME 1
| #define HAVE_WORDEXP_H 1
| #define HAVE_ENDIAN_H 1
| /* end confdefs.h.  */
| #include <sys/endian.h>
configure:13885: result: no
configure:13913: checking for sys/endian.h
configure:13922: result: no
configure:13807: checking sys/shm.h usability
configure:13824: /ad/eng/courses/ec/ec535/gumstix/oe/cross/bin/arm-linux-gcc -c -g -O2  conftest.c >&5
configure:13831: $? = 0
configure:13845: result: yes
configure:13849: checking sys/shm.h presence
configure:13864: /ad/eng/courses/ec/ec535/gumstix/oe/cross/bin/arm-linux-gcc -E  conftest.c
configure:13871: $? = 0
configure:13885: result: yes
configure:13913: checking for sys/shm.h
configure:13922: result: yes
configure:13938: checking for resmgr support
configure:13947: result: no
configure:14036: checking for aload* support
configure:14045: result: yes
configure:14055: checking for ALSA device file directory
configure:14073: result: /dev/snd/
configure:14076: checking for aload* device file directory
configure:14094: result: /dev/
configure:14347: checking whether GCC supports builtin atomic intrinsics
configure:14375: /ad/eng/courses/ec/ec535/gumstix/oe/cross/bin/arm-linux-gcc -o conftest -g -O2   conftest.c  >&5
conftest.c: In function 'main':
conftest.c:60: error: '__ATOMIC_SEQ_CST' undeclared (first use in this function)
conftest.c:60: error: (Each undeclared identifier is reported only once
conftest.c:60: error: for each function it appears in.)
configure:14382: $? = 1
configure: failed program was:
| /* confdefs.h.  */
| #define PACKAGE_NAME "alsa-lib"
| #define PACKAGE_TARNAME "alsa-lib"
| #define PACKAGE_VERSION "1.1.1"
| #define PACKAGE_STRING "alsa-lib 1.1.1"
| #define PACKAGE_BUGREPORT ""
| #define PACKAGE "alsa-lib"
| #define VERSION "1.1.1"
| #define STDC_HEADERS 1
| #define HAVE_SYS_TYPES_H 1
| #define HAVE_SYS_STAT_H 1
| #define HAVE_STDLIB_H 1
| #define HAVE_STRING_H 1
| #define HAVE_MEMORY_H 1
| #define HAVE_STRINGS_H 1
| #define HAVE_INTTYPES_H 1
| #define HAVE_STDINT_H 1
| #define HAVE_UNISTD_H 1
| #define __EXTENSIONS__ 1
| #define _ALL_SOURCE 1
| #define _GNU_SOURCE 1
| #define _POSIX_PTHREAD_SEMANTICS 1
| #define _TANDEM_SOURCE 1
| #define HAVE_DLFCN_H 1
| #define LT_OBJDIR ".libs/"
| #define STDC_HEADERS 1
| #define TIME_WITH_SYS_TIME 1
| #define HAVE_USELOCALE 1
| #define VERSION "1.1.1"
| #define ALSA_CONFIG_DIR "/home/caitiem/ec535/project/ec535-mp3player/alsa_lib/share/alsa"
| #define ALSA_PLUGIN_DIR "/home/caitiem/ec535/project/ec535-mp3player/alsa_lib/lib/alsa-lib"
| #define ALSA_PKGCONF_DIR "/home/caitiem/ec535/project/ec535-mp3player/alsa_lib/lib/pkgconfig"
| #define VERSIONED_SYMBOLS /**/
| #define __SYMBOL_PREFIX ""
| #define TMPDIR "/tmp"
| #define HAVE_LIBDL 1
| #define HAVE_LIBPTHREAD 1
| #define HAVE___THREAD 1
| #define HAVE_LIBRT 1
| #define HAVE_CLOCK_GETTIME 1
| #define HAVE_WORDEXP_H 1
| #define HAVE_ENDIAN_H 1
| #define HAVE_SYS_SHM_H 1
| #define SUPPORT_ALOAD "1"
| #define ALSA_DEVICE_DIRECTORY "/dev/snd/"
| #define ALOAD_DEVICE_DIRECTORY "/dev/"
| #define BUILD_MIXER "1"
| #define BUILD_PCM "1"
| #define BUILD_RAWMIDI "1"
| #define BUILD_HWDEP "1"
| #define BUILD_SEQ "1"
| #define BUILD_UCM "1"
| #define BUILD_TOPOLOGY "1"
| /* end confdefs.h.  */
| 
| int
| main ()
| {
| int i;
|      __atomic_load_n(&i, __ATOMIC_SEQ_CST);
|      __atomic_add_fetch(&i, 0, __ATOMIC_SEQ_CST);
| 
|   ;
|   return 0;
| }
configure:14402: result: no
configure:14806: checking for max number of cards
configure:14816: result: 32
configure:14939: checking that generated files are newer than configure
configure:14945: result: done
configure:15296: creating ./config.status

## ---------------- ##
## Cache variables. ##
## ---------------- ##

ac_cv_build=x86_64-unknown-linux-gnu
ac_cv_c_compiler_gnu=yes
ac_cv_c_const=yes
ac_cv_c_inline=inline
ac_cv_env_CC_set=set
ac_cv_env_CC_value=/ad/eng/courses/ec/ec535/gumstix/oe/cross/bin/arm-linux-gcc
ac_cv_env_CFLAGS_set=
ac_cv_env_CFLAGS_value=
ac_cv_env_CPPFLAGS_set=
ac_cv_env_CPPFLAGS_value=
ac_cv_env_CPP_set=
ac_cv_env_CPP_value=
ac_cv_env_LDFLAGS_set=
ac_cv_env_LDFLAGS_value=
ac_cv_env_LIBS_set=
ac_cv_env_LIBS_value=
ac_cv_env_build_alias_set=
ac_cv_env_build_alias_value=
ac_cv_env_host_alias_set=set
ac_cv_env_host_alias_value=arm-linux
ac_cv_env_target_alias_set=
ac_cv_env_target_alias_value=
ac_cv_func_dlopen=no
ac_cv_func_shl_load=no
ac_cv_func_uselocale=yes
ac_cv_header_dlfcn_h=yes
ac_cv_header_endian_h=yes
ac_cv_header_inttypes_h=yes
ac_cv_header_memory_h=yes
ac_cv_header_minix_config_h=no
ac_cv_header_stdc=yes
ac_cv_header_stdint_h=yes
ac_cv_header_stdlib_h=yes
ac_cv_header_string_h=yes
ac_cv_header_strings_h=yes
ac_cv_header_sys_endian_h=no
ac_cv_header_sys_shm_h=yes
ac_cv_header_sys_stat_h=yes
ac_cv_header_sys_types_h=yes
ac_cv_header_time=yes
ac_cv_header_unistd_h=yes
ac_cv_header_wordexp_h=yes
ac_cv_host=arm-unknown-linux-gnu
ac_cv_lib_dl_dlopen=yes
ac_cv_lib_dl_dlsym=yes
ac_cv_lib_dld_shl_load=no
ac_cv_lib_pthread_pthread_join=yes
ac_cv_lib_rt_clock_gettime=yes
ac_cv_objext=o
ac_cv_path_EGREP='/bin/grep -E'
ac_cv_path_FGREP='/bin/grep -F'
ac_cv_path_GREP=/bin/grep
ac_cv_path_SED=/bin/sed
ac_cv_path_install='/usr/bin/install -c'
ac_cv_path_mkdir=/bin/mkdir
ac_cv_prog_AR=arm-linux-ar
ac_cv_prog_AWK=gawk
ac_cv_prog_CC=/ad/eng/courses/ec/ec535/gumstix/oe/cross/bin/arm-linux-gcc
ac_cv_prog_CPP='/ad/eng/courses/ec/ec535/gumstix/oe/cross/bin/arm-linux-gcc -E'
ac_cv_prog_OBJDUMP=arm-linux-objdump
ac_cv_prog_RANLIB=arm-linux-ranlib
ac_cv_prog_STRIP=arm-linux-strip
ac_cv_prog_cc_c89=
ac_cv_prog_cc_g=yes
ac_cv_prog_gcc_traditional=no
ac_cv_prog_make_make_set=yes
ac_cv_safe_to_define___extensions__=yes
am_cv_CC_dependencies_compiler_type=gcc3
am_cv_make_support_nested_variables=yes
lt_cv_ar_at_file=@
lt_cv_archive_cmds_need_lc=no
lt_cv_deplibs_check_method=pass_all
lt_cv_dlopen=dlopen
lt_cv_dlopen_libs=-ldl
lt_cv_dlopen_self=cross
lt_cv_file_magic_cmd='$MAGIC_CMD'
lt_cv_file_magic_test_file=
lt_cv_ld_reload_flag=-r
lt_cv_nm_interface='BSD nm'
lt_cv_objdir=.libs
lt_cv_path_LD=/ad/eng/courses/ec/ec535/gumstix/oe/cross/arm-angstrom-linux-gnueabi/bin/ld
lt_cv_path_NM='/ad/eng/courses/ec/ec535/gumstix/oe/cross/bin/arm-linux-nm -B'
lt_cv_path_mainfest_tool=no
lt_cv_prog_compiler_c_o=yes
lt_cv_prog_compiler_pic='-fPIC -DPIC'
lt_cv_prog_compiler_pic_works=yes
lt_cv_prog_compiler_rtti_exceptions=no
lt_cv_prog_compiler_static_works=yes
lt_cv_prog_gnu_ld=yes
lt_cv_sharedlib_from_linklib_cmd='printf %s\n'
lt_cv_shlibpath_overrides_runpath=no
lt_cv_sys_global_symbol_pipe='sed -n -e '\''s/^.*[	 ]\([ABCDGIRSTW][ABCDGIRSTW]*\)[	 ][	 ]*\([_A-Za-z][_A-Za-z0-9]*\)$/\1 \2 \2/p'\'' | sed '\''/ __gnu_lto/d'\'''
lt_cv_sys_global_symbol_to_c_name_address='sed -n -e '\''s/^: \([^ ]*\)[ ]*$/  {\"\1\", (void *) 0},/p'\'' -e '\''s/^[ABCDGIRSTW]* \([^ ]*\) \([^ ]*\)$/  {"\2", (void *) \&\2},/p'\'''
lt_cv_sys_global_symbol_to_c_name_address_lib_prefix='sed -n -e '\''s/^: \([^ ]*\)[ ]*$/  {\"\1\", (void *) 0},/p'\'' -e '\''s/^[ABCDGIRSTW]* \([^ ]*\) \(lib[^ ]*\)$/  {"\2", (void *) \&\2},/p'\'' -e '\''s/^[ABCDGIRSTW]* \([^ ]*\) \([^ ]*\)$/  {"lib\2", (void *) \&\2},/p'\'''
lt_cv_sys_global_symbol_to_cdecl='sed -n -e '\''s/^T .* \(.*\)$/extern int \1();/p'\'' -e '\''s/^[ABCDGIRSTW]* .* \(.*\)$/extern char \1;/p'\'''
lt_cv_sys_max_cmd_len=1966080
lt_cv_to_host_file_cmd=func_convert_file_noop
lt_cv_to_tool_file_cmd=func_convert_file_noop

## ----------------- ##
## Output variables. ##
## ----------------- ##

ACLOCAL='${SHELL} /ad/eng/users/c/a/caitiem/ec535/project/ec535-mp3player/alsa_lib/alsa-lib-1.1.1/missing --run aclocal-1.12'
ALSA_CONFIG_DIR='/home/caitiem/ec535/project/ec535-mp3player/alsa_lib/share/alsa'
ALSA_DEPLIBS='-lm -ldl -lpthread -lrt'
ALSA_PKGCONF_DIR='/home/caitiem/ec535/project/ec535-mp3player/alsa_lib/lib/pkgconfig'
ALSA_PLUGIN_DIR='/home/caitiem/ec535/project/ec535-mp3player/alsa_lib/lib/alsa-lib'
AMDEPBACKSLASH='\'
AMDEP_FALSE='#'
AMDEP_TRUE=''
AMTAR='$${TAR-tar}'
AM_BACKSLASH='\'
AM_DEFAULT_V='$(AM_DEFAULT_VERBOSITY)'
AM_DEFAULT_VERBOSITY='0'
AM_V='$(V)'
AR='arm-linux-ar'
AUTOCONF='${SHELL} /ad/eng/users/c/a/caitiem/ec535/project/ec535-mp3player/alsa_lib/alsa-lib-1.1.1/missing --run autoconf'
AUTOHEADER='${SHELL} /ad/eng/users/c/a/caitiem/ec535/project/ec535-mp3player/alsa_lib/alsa-lib-1.1.1/missing --run autoheader'
AUTOMAKE='${SHELL} /ad/eng/users/c/a/caitiem/ec535/project/ec535-mp3player/alsa_lib/alsa-lib-1.1.1/missing --run automake-1.12'
AWK='gawk'
BUILD_ALISP_FALSE='#'
BUILD_ALISP_TRUE=''
BUILD_CTL_PLUGIN_EXT_FALSE='#'
BUILD_CTL_PLUGIN_EXT_TRUE=''
BUILD_CTL_PLUGIN_FALSE='#'
BUILD_CTL_PLUGIN_SHM_FALSE='#'
BUILD_CTL_PLUGIN_SHM_TRUE=''
BUILD_CTL_PLUGIN_TRUE=''
BUILD_HWDEP_FALSE='#'
BUILD_HWDEP_TRUE=''
BUILD_MIXER_FALSE='#'
BUILD_MIXER_TRUE=''
BUILD_MODULES_FALSE='#'
BUILD_MODULES_TRUE=''
BUILD_PCM_FALSE='#'
BUILD_PCM_PLUGIN_ADPCM_FALSE='#'
BUILD_PCM_PLUGIN_ADPCM_TRUE=''
BUILD_PCM_PLUGIN_ALAW_FALSE='#'
BUILD_PCM_PLUGIN_ALAW_TRUE=''
BUILD_PCM_PLUGIN_ASYM_FALSE='#'
BUILD_PCM_PLUGIN_ASYM_TRUE=''
BUILD_PCM_PLUGIN_COPY_FALSE='#'
BUILD_PCM_PLUGIN_COPY_TRUE=''
BUILD_PCM_PLUGIN_DMIX_FALSE='#'
BUILD_PCM_PLUGIN_DMIX_TRUE=''
BUILD_PCM_PLUGIN_DSHARE_FALSE='#'
BUILD_PCM_PLUGIN_DSHARE_TRUE=''
BUILD_PCM_PLUGIN_DSNOOP_FALSE='#'
BUILD_PCM_PLUGIN_DSNOOP_TRUE=''
BUILD_PCM_PLUGIN_EMPTY_FALSE='#'
BUILD_PCM_PLUGIN_EMPTY_TRUE=''
BUILD_PCM_PLUGIN_EXTPLUG_FALSE='#'
BUILD_PCM_PLUGIN_EXTPLUG_TRUE=''
BUILD_PCM_PLUGIN_FALSE='#'
BUILD_PCM_PLUGIN_FILE_FALSE='#'
BUILD_PCM_PLUGIN_FILE_TRUE=''
BUILD_PCM_PLUGIN_HOOKS_FALSE='#'
BUILD_PCM_PLUGIN_HOOKS_TRUE=''
BUILD_PCM_PLUGIN_IEC958_FALSE='#'
BUILD_PCM_PLUGIN_IEC958_TRUE=''
BUILD_PCM_PLUGIN_IOPLUG_FALSE='#'
BUILD_PCM_PLUGIN_IOPLUG_TRUE=''
BUILD_PCM_PLUGIN_LADSPA_FALSE='#'
BUILD_PCM_PLUGIN_LADSPA_TRUE=''
BUILD_PCM_PLUGIN_LFLOAT_FALSE='#'
BUILD_PCM_PLUGIN_LFLOAT_TRUE=''
BUILD_PCM_PLUGIN_LINEAR_FALSE='#'
BUILD_PCM_PLUGIN_LINEAR_TRUE=''
BUILD_PCM_PLUGIN_METER_FALSE=''
BUILD_PCM_PLUGIN_METER_TRUE='#'
BUILD_PCM_PLUGIN_MMAP_EMUL_FALSE='#'
BUILD_PCM_PLUGIN_MMAP_EMUL_TRUE=''
BUILD_PCM_PLUGIN_MULAW_FALSE='#'
BUILD_PCM_PLUGIN_MULAW_TRUE=''
BUILD_PCM_PLUGIN_MULTI_FALSE='#'
BUILD_PCM_PLUGIN_MULTI_TRUE=''
BUILD_PCM_PLUGIN_NULL_FALSE='#'
BUILD_PCM_PLUGIN_NULL_TRUE=''
BUILD_PCM_PLUGIN_PLUG_FALSE='#'
BUILD_PCM_PLUGIN_PLUG_TRUE=''
BUILD_PCM_PLUGIN_RATE_FALSE='#'
BUILD_PCM_PLUGIN_RATE_TRUE=''
BUILD_PCM_PLUGIN_ROUTE_FALSE='#'
BUILD_PCM_PLUGIN_ROUTE_TRUE=''
BUILD_PCM_PLUGIN_SHARE_FALSE='#'
BUILD_PCM_PLUGIN_SHARE_TRUE=''
BUILD_PCM_PLUGIN_SHM_FALSE='#'
BUILD_PCM_PLUGIN_SHM_TRUE=''
BUILD_PCM_PLUGIN_SOFTVOL_FALSE='#'
BUILD_PCM_PLUGIN_SOFTVOL_TRUE=''
BUILD_PCM_PLUGIN_TRUE=''
BUILD_PCM_TRUE=''
BUILD_PYTHON_FALSE=''
BUILD_PYTHON_TRUE='#'
BUILD_RAWMIDI_FALSE='#'
BUILD_RAWMIDI_TRUE=''
BUILD_SEQ_FALSE='#'
BUILD_SEQ_TRUE=''
BUILD_TOPOLOGY_FALSE='#'
BUILD_TOPOLOGY_TRUE=''
BUILD_UCM_FALSE='#'
BUILD_UCM_TRUE=''
CC='/ad/eng/courses/ec/ec535/gumstix/oe/cross/bin/arm-linux-gcc'
CCDEPMODE='depmode=gcc3'
CFLAGS='-g -O2'
CPP='/ad/eng/courses/ec/ec535/gumstix/oe/cross/bin/arm-linux-gcc -E'
CPPFLAGS=''
CYGPATH_W='echo'
DEFS='-DHAVE_CONFIG_H'
DEPDIR='.deps'
DLLTOOL='false'
DSYMUTIL=''
DUMPBIN=''
ECHO_C=''
ECHO_N='-n'
ECHO_T=''
EGREP='/bin/grep -E'
EXEEXT=''
FGREP='/bin/grep -F'
GREP='/bin/grep'
INSTALL_DATA='${INSTALL} -m 644'
INSTALL_M4_FALSE='#'
INSTALL_M4_TRUE=''
INSTALL_PROGRAM='${INSTALL}'
INSTALL_SCRIPT='${INSTALL}'
INSTALL_STRIP_PROGRAM='$(install_sh) -c -s'
KEEP_OLD_SYMBOLS_FALSE='#'
KEEP_OLD_SYMBOLS_TRUE=''
LD='/ad/eng/courses/ec/ec535/gumstix/oe/cross/arm-angstrom-linux-gnueabi/bin/ld'
LDFLAGS=''
LIBOBJS=''
LIBS=''
LIBTOOL='$(SHELL) $(top_builddir)/libtool'
LIBTOOL_VERSION_INFO='2:0:0'
LIPO=''
LN_S='ln -s'
LTLIBOBJS=''
MAINT=''
MAINTAINER_MODE_FALSE='#'
MAINTAINER_MODE_TRUE=''
MAKEINFO='${SHELL} /ad/eng/users/c/a/caitiem/ec535/project/ec535-mp3player/alsa_lib/alsa-lib-1.1.1/missing --run makeinfo'
MANIFEST_TOOL=':'
MKDIR_P='/bin/mkdir -p'
NM='/ad/eng/courses/ec/ec535/gumstix/oe/cross/bin/arm-linux-nm -B'
NMEDIT=''
OBJDUMP='arm-linux-objdump'
OBJEXT='o'
OTOOL64=''
OTOOL=''
PACKAGE='alsa-lib'
PACKAGE_BUGREPORT=''
PACKAGE_NAME='alsa-lib'
PACKAGE_STRING='alsa-lib 1.1.1'
PACKAGE_TARNAME='alsa-lib'
PACKAGE_VERSION='1.1.1'
PATH_SEPARATOR=':'
PYTHON_INCLUDES=''
PYTHON_LIBS=''
RANLIB='arm-linux-ranlib'
SED='/bin/sed'
SET_MAKE=''
SHELL='/bin/sh'
SND_LIB_EXTRAVER='1000000'
SND_LIB_MAJOR='1'
SND_LIB_MINOR='1'
SND_LIB_SUBMINOR='1'
SND_LIB_VERSION='1.1.1'
STRIP='arm-linux-strip'
SYMBOLIC_FUNCTIONS_FALSE=''
SYMBOLIC_FUNCTIONS_TRUE='#'
SYMBOL_PREFIX=''
VERSION='1.1.1'
VERSIONED_SYMBOLS_FALSE='#'
VERSIONED_SYMBOLS_TRUE=''
ac_ct_AR=''
ac_ct_CC=''
ac_ct_DUMPBIN=''
am__EXEEXT_FALSE=''
am__EXEEXT_TRUE='#'
am__fastdepCC_FALSE='#'
am__fastdepCC_TRUE=''
am__include='include'
am__isrc=''
am__leading_dot='.'
am__nodep='_no'
am__quote=''
am__tar='$${TAR-tar} chof - "$$tardir"'
am__untar='$${TAR-tar} xf -'
bindir='${exec_prefix}/bin'
build='x86_64-unknown-linux-gnu'
build_alias=''
build_cpu='x86_64'
build_os='linux-gnu'
build_vendor='unknown'
datadir='${datarootdir}'
datarootdir='${prefix}/share'
docdir='${datarootdir}/doc/${PACKAGE_TARNAME}'
dvidir='${docdir}'
exec_prefix='/home/caitiem/ec535/project/ec535-mp3player/alsa_lib'
host='arm-unknown-linux-gnu'
host_alias='arm-linux'
host_cpu='arm'
host_os='linux-gnu'
host_vendor='unknown'
htmldir='${docdir}'
includedir='${prefix}/include'
infodir='${datarootdir}/info'
install_sh='${SHELL} /ad/eng/users/c/a/caitiem/ec535/project/ec535-mp3player/alsa_lib/alsa-lib-1.1.1/install-sh'
libdir='${exec_prefix}/lib'
libexecdir='${exec_prefix}/libexec'
localedir='${datarootdir}/locale'
localstatedir='${prefix}/var'
mandir='${datarootdir}/man'
mkdir_p='$(MKDIR_P)'
oldincludedir='/usr/include'
pdfdir='${docdir}'
prefix='/home/caitiem/ec535/project/ec535-mp3player/alsa_lib'
program_transform_name='s,x,x,'
psdir='${docdir}'
sbindir='${exec_prefix}/sbin'
sharedstatedir='${prefix}/com'
sysconfdir='${prefix}/etc'
target_alias=''

## ----------- ##
## confdefs.h. ##
## ----------- ##

#define PACKAGE_NAME "alsa-lib"
#define PACKAGE_TARNAME "alsa-lib"
#define PACKAGE_VERSION "1.1.1"
#define PACKAGE_STRING "alsa-lib 1.1.1"
#define PACKAGE_BUGREPORT ""
#define PACKAGE "alsa-lib"
#define VERSION "1.1.1"
#define STDC_HEADERS 1
#define HAVE_SYS_TYPES_H 1
#define HAVE_SYS_STAT_H 1
#define HAVE_STDLIB_H 1
#define HAVE_STRING_H 1
#define HAVE_MEMORY_H 1
#define HAVE_STRINGS_H 1
#define HAVE_INTTYPES_H 1
#define HAVE_STDINT_H 1
#define HAVE_UNISTD_H 1
#define __EXTENSIONS__ 1
#define _ALL_SOURCE 1
#define _GNU_SOURCE 1
#define _POSIX_PTHREAD_SEMANTICS 1
#define _TANDEM_SOURCE 1
#define HAVE_DLFCN_H 1
#define LT_OBJDIR ".libs/"
#define STDC_HEADERS 1
#define TIME_WITH_SYS_TIME 1
#define HAVE_USELOCALE 1
#define VERSION "1.1.1"
#define ALSA_CONFIG_DIR "/home/caitiem/ec535/project/ec535-mp3player/alsa_lib/share/alsa"
#define ALSA_PLUGIN_DIR "/home/caitiem/ec535/project/ec535-mp3player/alsa_lib/lib/alsa-lib"
#define ALSA_PKGCONF_DIR "/home/caitiem/ec535/project/ec535-mp3player/alsa_lib/lib/pkgconfig"
#define VERSIONED_SYMBOLS /**/
#define __SYMBOL_PREFIX ""
#define TMPDIR "/tmp"
#define HAVE_LIBDL 1
#define HAVE_LIBPTHREAD 1
#define HAVE___THREAD 1
#define HAVE_LIBRT 1
#define HAVE_CLOCK_GETTIME 1
#define HAVE_WORDEXP_H 1
#define HAVE_ENDIAN_H 1
#define HAVE_SYS_SHM_H 1
#define SUPPORT_ALOAD "1"
#define ALSA_DEVICE_DIRECTORY "/dev/snd/"
#define ALOAD_DEVICE_DIRECTORY "/dev/"
#define BUILD_MIXER "1"
#define BUILD_PCM "1"
#define BUILD_RAWMIDI "1"
#define BUILD_HWDEP "1"
#define BUILD_SEQ "1"
#define BUILD_UCM "1"
#define BUILD_TOPOLOGY "1"
#define BUILD_PCM_PLUGIN_RATE "1"
#define BUILD_PCM_PLUGIN_ROUTE "1"
#define BUILD_PCM_PLUGIN_LFLOAT "1"
#define BUILD_PCM_PLUGIN_ADPCM "1"
#define BUILD_PCM_PLUGIN_MULAW "1"
#define BUILD_PCM_PLUGIN_ALAW "1"
#define BUILD_PCM_PLUGIN_MMAP_EMUL "1"
#define SND_MAX_CARDS 32

configure: exit 0

## ---------------------- ##
## Running config.status. ##
## ---------------------- ##

This file was extended by alsa-lib config.status 1.1.1, which was
generated by GNU Autoconf 2.63.  Invocation command line was

  CONFIG_FILES    = 
  CONFIG_HEADERS  = 
  CONFIG_LINKS    = 
  CONFIG_COMMANDS = 
  $ ./config.status 

on signals41

config.status:1194: creating Makefile
config.status:1194: creating doc/Makefile
config.status:1194: creating doc/pictures/Makefile
config.status:1194: creating doc/doxygen.cfg
config.status:1194: creating include/Makefile
config.status:1194: creating include/sound/Makefile
config.status:1194: creating src/Versions
config.status:1194: creating src/Makefile
config.status:1194: creating src/control/Makefile
config.status:1194: creating src/mixer/Makefile
config.status:1194: creating src/pcm/Makefile
config.status:1194: creating src/pcm/scopes/Makefile
config.status:1194: creating src/rawmidi/Makefile
config.status:1194: creating src/timer/Makefile
config.status:1194: creating src/hwdep/Makefile
config.status:1194: creating src/seq/Makefile
config.status:1194: creating src/ucm/Makefile
config.status:1194: creating src/alisp/Makefile
config.status:1194: creating src/topology/Makefile
config.status:1194: creating src/conf/Makefile
config.status:1194: creating src/conf/alsa.conf.d/Makefile
config.status:1194: creating src/conf/cards/Makefile
config.status:1194: creating src/conf/pcm/Makefile
config.status:1194: creating src/conf/ucm/Makefile
config.status:1194: creating src/conf/ucm/DAISY-I2S/Makefile
config.status:1194: creating src/conf/ucm/PandaBoard/Makefile
config.status:1194: creating src/conf/ucm/PandaBoardES/Makefile
config.status:1194: creating src/conf/ucm/SDP4430/Makefile
config.status:1194: creating src/conf/ucm/tegraalc5632/Makefile
config.status:1194: creating src/conf/ucm/PAZ00/Makefile
config.status:1194: creating src/conf/ucm/GoogleNyan/Makefile
config.status:1194: creating src/conf/ucm/broadwell-rt286/Makefile
config.status:1194: creating src/conf/topology/Makefile
config.status:1194: creating src/conf/topology/broadwell/Makefile
config.status:1194: creating modules/Makefile
config.status:1194: creating modules/mixer/Makefile
config.status:1194: creating modules/mixer/simple/Makefile
config.status:1194: creating alsalisp/Makefile
config.status:1194: creating aserver/Makefile
config.status:1194: creating test/Makefile
config.status:1194: creating test/lsb/Makefile
config.status:1194: creating utils/Makefile
config.status:1194: creating utils/alsa-lib.spec
config.status:1194: creating utils/alsa.pc
config.status:1194: creating include/config.h
config.status:1416: include/config.h is unchanged
config.status:1468: executing depfiles commands
config.status:1468: executing libtool commands

## ---------------------- ##
## Running config.status. ##
## ---------------------- ##

This file was extended by alsa-lib config.status 1.1.1, which was
generated by GNU Autoconf 2.63.  Invocation command line was

  CONFIG_FILES    = 
  CONFIG_HEADERS  = 
  CONFIG_LINKS    = 
  CONFIG_COMMANDS = 
  $ ./config.status include/config.h

on signals41

config.status:1194: creating include/config.h
config.status:1416: include/config.h is unchanged
